In file included from /usr/include/c++/9/cassert:44,
                 from /home/dyy/FISCO-TIDY/FISCO-BCOS-2.9.1/deps/src/GroupSigLib/group_sig/devcore/vector_ref.h:27,
                 from /home/dyy/FISCO-TIDY/FISCO-BCOS-2.9.1/deps/src/GroupSigLib/group_sig/devcore/Base64.h:31,
                 from /home/dyy/FISCO-TIDY/FISCO-BCOS-2.9.1/deps/src/GroupSigLib/group_sig/algorithm/bbs04/GroupSig_BBS.cpp:25:
/home/dyy/FISCO-TIDY/FISCO-BCOS-2.9.1/deps/src/GroupSigLib/group_sig/algorithm/bbs04/GroupSig_BBS_Impl.h: In static member function ‘static void dev::eth::BBS04Signature::gen_random_element(element_s (&)[1], pairing_ptr, bool)’:
/home/dyy/FISCO-TIDY/FISCO-BCOS-2.9.1/deps/src/GroupSigLib/group_sig/algorithm/bbs04/GroupSig_BBS_Impl.h:117:28: warning: the compiler can assume that the address of ‘random_e’ will never be NULL [-Waddress]
  117 |         assert(random_e && pairing);
      |                            ^~~~~~~
In file included from /usr/include/c++/9/cassert:44,
                 from /home/dyy/FISCO-TIDY/FISCO-BCOS-2.9.1/deps/src/GroupSigLib/group_sig/devcore/CommonFunc.h:26,
                 from /home/dyy/FISCO-TIDY/FISCO-BCOS-2.9.1/deps/src/GroupSigLib/group_sig/algorithm/bbs04/GroupSig_BBS_Impl.cpp:24:
/home/dyy/FISCO-TIDY/FISCO-BCOS-2.9.1/deps/src/GroupSigLib/group_sig/algorithm/bbs04/GroupSig_BBS_Impl.h: In static member function ‘static void dev::eth::BBS04Signature::gen_random_element(element_s (&)[1], pairing_ptr, bool)’:
/home/dyy/FISCO-TIDY/FISCO-BCOS-2.9.1/deps/src/GroupSigLib/group_sig/algorithm/bbs04/GroupSig_BBS_Impl.h:117:28: warning: the compiler can assume that the address of ‘random_e’ will never be NULL [-Waddress]
  117 |         assert(random_e && pairing);
      |                            ^~~~~~~
/home/dyy/FISCO-TIDY/FISCO-BCOS-2.9.1/deps/src/GroupSigLib/group_sig/algorithm/bbs04/GroupSig_BBS_Impl.cpp: In static member function ‘static void dev::eth::BBS04SignatureImpl::bbs_cal_sha3(element_s (&)[1], dev::eth::BBS04Signature&, element_ptr, unsigned int)’:
/home/dyy/FISCO-TIDY/FISCO-BCOS-2.9.1/deps/src/GroupSigLib/group_sig/algorithm/bbs04/GroupSig_BBS_Impl.cpp:40:21: warning: the compiler can assume that the address of ‘c’ will never be NULL [-Waddress]
   40 |         assert(c && M);
      |                     ^
In file included from /usr/include/c++/9/cassert:44,
                 from /home/dyy/FISCO-TIDY/FISCO-BCOS-2.9.1/deps/src/GroupSigLib/group_sig/devcore/CommonFunc.h:26,
                 from /home/dyy/FISCO-TIDY/FISCO-BCOS-2.9.1/deps/src/GroupSigLib/group_sig/algorithm/KeyLoaderDumper.h:28,
                 from /home/dyy/FISCO-TIDY/FISCO-BCOS-2.9.1/deps/src/GroupSigLib/group_sig/algorithm/KeyLoaderDumper.cpp:23:
/home/dyy/FISCO-TIDY/FISCO-BCOS-2.9.1/deps/src/GroupSigLib/group_sig/algorithm/bbs04/GroupSig_BBS_Impl.h: In static member function ‘static void dev::eth::BBS04Signature::gen_random_element(element_s (&)[1], pairing_ptr, bool)’:
/home/dyy/FISCO-TIDY/FISCO-BCOS-2.9.1/deps/src/GroupSigLib/group_sig/algorithm/bbs04/GroupSig_BBS_Impl.h:117:28: warning: the compiler can assume that the address of ‘random_e’ will never be NULL [-Waddress]
  117 |         assert(random_e && pairing);
      |                            ^~~~~~~
