-- The C compiler identification is GNU 9.4.0
-- The CXX compiler identification is GNU 9.4.0
-- Check for working C compiler: /usr/bin/cc
-- Check for working C compiler: /usr/bin/cc -- works
-- Detecting C compiler ABI info
-- Detecting C compiler ABI info - done
-- Detecting C compile features
-- Detecting C compile features - done
-- Check for working CXX compiler: /usr/bin/c++
-- Check for working CXX compiler: /usr/bin/c++ -- works
-- Detecting CXX compiler ABI info
-- Detecting CXX compiler ABI info - done
-- Detecting CXX compile features
-- Detecting CXX compile features - done
-- Looking for GMP
-- GMP:/usr/lib/x86_64-linux-gnu/libgmp.a
-- GMP_INCLUDE_DIR: /usr/include/x86_64-linux-gnu
-- GMP_LIB_DIR: /usr/lib/x86_64-linux-gnu
-- Configuring done
-- Generating done
-- Build files have been written to: /home/dyy/FISCO-TIDY/FISCO-BCOS-2.9.1/deps/src/GroupSigLib
