Scanning dependencies of target jsonrpccommonStatic
[  5%] Building CXX object src/jsonrpccpp/CMakeFiles/jsonrpccommonStatic.dir/common/errors.cpp.o
[ 10%] Building CXX object src/jsonrpccpp/CMakeFiles/jsonrpccommonStatic.dir/common/exception.cpp.o
[ 15%] Building CXX object src/jsonrpccpp/CMakeFiles/jsonrpccommonStatic.dir/common/procedure.cpp.o
[ 21%] Building CXX object src/jsonrpccpp/CMakeFiles/jsonrpccommonStatic.dir/common/specificationparser.cpp.o
[ 26%] Building CXX object src/jsonrpccpp/CMakeFiles/jsonrpccommonStatic.dir/common/specificationwriter.cpp.o
[ 31%] Linking CXX static library ../../lib/libjsonrpccpp-common.a
[ 31%] Built target jsonrpccommonStatic
Scanning dependencies of target jsonrpcserverStatic
[ 36%] Building CXX object src/jsonrpccpp/CMakeFiles/jsonrpcserverStatic.dir/server/abstractprotocolhandler.cpp.o
[ 42%] Building CXX object src/jsonrpccpp/CMakeFiles/jsonrpcserverStatic.dir/server/abstractserverconnector.cpp.o
[ 47%] Building CXX object src/jsonrpccpp/CMakeFiles/jsonrpcserverStatic.dir/server/requesthandlerfactory.cpp.o
[ 52%] Building CXX object src/jsonrpccpp/CMakeFiles/jsonrpcserverStatic.dir/server/rpcprotocolserver12.cpp.o
[ 57%] Building CXX object src/jsonrpccpp/CMakeFiles/jsonrpcserverStatic.dir/server/rpcprotocolserverv1.cpp.o
[ 63%] Building CXX object src/jsonrpccpp/CMakeFiles/jsonrpcserverStatic.dir/server/rpcprotocolserverv2.cpp.o
[ 68%] Building CXX object src/jsonrpccpp/CMakeFiles/jsonrpcserverStatic.dir/server/connectors/httpserver.cpp.o
[ 73%] Linking CXX static library ../../lib/libjsonrpccpp-server.a
[ 73%] Built target jsonrpcserverStatic
Scanning dependencies of target jsonrpcclientStatic
[ 78%] Building CXX object src/jsonrpccpp/CMakeFiles/jsonrpcclientStatic.dir/client/batchcall.cpp.o
[ 84%] Building CXX object src/jsonrpccpp/CMakeFiles/jsonrpcclientStatic.dir/client/batchresponse.cpp.o
[ 89%] Building CXX object src/jsonrpccpp/CMakeFiles/jsonrpcclientStatic.dir/client/client.cpp.o
[ 94%] Building CXX object src/jsonrpccpp/CMakeFiles/jsonrpcclientStatic.dir/client/rpcprotocolclient.cpp.o
[100%] Linking CXX static library ../../lib/libjsonrpccpp-client.a
[100%] Built target jsonrpcclientStatic
