-- The C compiler identification is GNU 9.4.0
-- The CXX compiler identification is GNU 9.4.0
-- Check for working C compiler: /usr/bin/cc
-- Check for working C compiler: /usr/bin/cc -- works
-- Detecting C compiler ABI info
-- Detecting C compiler ABI info - done
-- Detecting C compile features
-- Detecting C compile features - done
-- Check for working CXX compiler: /usr/bin/c++
-- Check for working CXX compiler: /usr/bin/c++ -- works
-- Detecting CXX compiler ABI info
-- Detecting CXX compiler ABI info - done
-- Detecting CXX compile features
-- Detecting CXX compile features - done
-- UNIX_DOMAIN_SOCKET_SERVER: OFF
-- UNIX_DOMAIN_SOCKET_CLIENT: OFF
-- TCP_SOCKET_SERVER: NO
-- TCP_SOCKET_CLIENT: NO
-- HTTP_SERVER: ON
-- HTTP_CLIENT: OFF
-- UNIXDOMAINSOCKET_SERVER: OFF
-- UNIXDOMAINSOCKET_CLIENT: OFF
-- COMPILE_TESTS: OFF
-- COMPILE_STUBGEN: OFF
-- COMPILE_EXAMPLES: OFF
-- Found jsoncpp: /home/dyy/FISCO-TIDY/FISCO-BCOS-2.9.1/deps/include  
-- Jsoncpp header: /home/dyy/FISCO-TIDY/FISCO-BCOS-2.9.1/deps/include
-- Jsoncpp lib   : /home/dyy/FISCO-TIDY/FISCO-BCOS-2.9.1/deps/lib/libjsoncpp.a
-- Jsoncpp prefix: json
-- Looking for include file pthread.h
-- Looking for include file pthread.h - found
-- Looking for pthread_create
-- Looking for pthread_create - not found
-- Looking for pthread_create in pthreads
-- Looking for pthread_create in pthreads - not found
-- Looking for pthread_create in pthread
-- Looking for pthread_create in pthread - found
-- Found Threads: TRUE  
-- Threads: 
-- Found mhd: /home/dyy/FISCO-TIDY/FISCO-BCOS-2.9.1/deps/src/mhd/src/include  
-- MHD header: /home/dyy/FISCO-TIDY/FISCO-BCOS-2.9.1/deps/src/mhd/src/include
-- MHD lib   : /home/dyy/FISCO-TIDY/FISCO-BCOS-2.9.1/deps/src/mhd/src/microhttpd/.libs/libmicrohttpd.a
-- Found Doxygen: /usr/bin/doxygen (found version "1.8.17") found components: doxygen dot 
-- Found doxygen: /usr/bin/doxygen
-- Configuring done
-- Generating done
-- Build files have been written to: /home/dyy/FISCO-TIDY/FISCO-BCOS-2.9.1/deps/src/jsonrpccpp-build
