Scanning dependencies of target tbb
[  2%] Building CXX object src/tbb/CMakeFiles/tbb.dir/address_waiter.cpp.o
[  5%] Building CXX object src/tbb/CMakeFiles/tbb.dir/allocator.cpp.o
[  8%] Building CXX object src/tbb/CMakeFiles/tbb.dir/arena.cpp.o
[ 11%] Building CXX object src/tbb/CMakeFiles/tbb.dir/arena_slot.cpp.o
[ 13%] Building CXX object src/tbb/CMakeFiles/tbb.dir/concurrent_bounded_queue.cpp.o
[ 16%] Building CXX object src/tbb/CMakeFiles/tbb.dir/dynamic_link.cpp.o
[ 19%] Building CXX object src/tbb/CMakeFiles/tbb.dir/exception.cpp.o
[ 22%] Building CXX object src/tbb/CMakeFiles/tbb.dir/governor.cpp.o
[ 25%] Building CXX object src/tbb/CMakeFiles/tbb.dir/global_control.cpp.o
[ 27%] Building CXX object src/tbb/CMakeFiles/tbb.dir/itt_notify.cpp.o
[ 30%] Building CXX object src/tbb/CMakeFiles/tbb.dir/main.cpp.o
[ 33%] Building CXX object src/tbb/CMakeFiles/tbb.dir/market.cpp.o
[ 36%] Building CXX object src/tbb/CMakeFiles/tbb.dir/misc.cpp.o
[ 38%] Building CXX object src/tbb/CMakeFiles/tbb.dir/misc_ex.cpp.o
[ 41%] Building CXX object src/tbb/CMakeFiles/tbb.dir/observer_proxy.cpp.o
[ 44%] Building CXX object src/tbb/CMakeFiles/tbb.dir/parallel_pipeline.cpp.o
[ 47%] Building CXX object src/tbb/CMakeFiles/tbb.dir/private_server.cpp.o
[ 50%] Building CXX object src/tbb/CMakeFiles/tbb.dir/profiling.cpp.o
[ 52%] Building CXX object src/tbb/CMakeFiles/tbb.dir/rml_tbb.cpp.o
[ 55%] Building CXX object src/tbb/CMakeFiles/tbb.dir/rtm_mutex.cpp.o
[ 58%] Building CXX object src/tbb/CMakeFiles/tbb.dir/rtm_rw_mutex.cpp.o
[ 61%] Building CXX object src/tbb/CMakeFiles/tbb.dir/semaphore.cpp.o
[ 63%] Building CXX object src/tbb/CMakeFiles/tbb.dir/small_object_pool.cpp.o
[ 66%] Building CXX object src/tbb/CMakeFiles/tbb.dir/task.cpp.o
[ 69%] Building CXX object src/tbb/CMakeFiles/tbb.dir/task_dispatcher.cpp.o
[ 72%] Building CXX object src/tbb/CMakeFiles/tbb.dir/task_group_context.cpp.o
[ 75%] Building CXX object src/tbb/CMakeFiles/tbb.dir/version.cpp.o
[ 77%] Building CXX object src/tbb/CMakeFiles/tbb.dir/queuing_rw_mutex.cpp.o
[ 80%] Linking CXX static library ../../gnu_9.4_cxx11_64_relwithdebinfo/libtbb.a
[ 80%] Built target tbb
Scanning dependencies of target tbbmalloc
[ 83%] Building CXX object src/tbbmalloc/CMakeFiles/tbbmalloc.dir/backend.cpp.o
[ 86%] Building CXX object src/tbbmalloc/CMakeFiles/tbbmalloc.dir/backref.cpp.o
[ 88%] Building CXX object src/tbbmalloc/CMakeFiles/tbbmalloc.dir/frontend.cpp.o
[ 91%] Building CXX object src/tbbmalloc/CMakeFiles/tbbmalloc.dir/large_objects.cpp.o
[ 94%] Building CXX object src/tbbmalloc/CMakeFiles/tbbmalloc.dir/tbbmalloc.cpp.o
[ 97%] Building CXX object src/tbbmalloc/CMakeFiles/tbbmalloc.dir/__/tbb/itt_notify.cpp.o
[100%] Linking C static library ../../gnu_9.4_cxx11_64_relwithdebinfo/libtbbmalloc.a
[100%] Built target tbbmalloc
