make[3]: 警告: jobserver 不可用: 正使用 -j1。添加 “+” 到父 make 的规则。
ar: creating ../libcrypto.a
In file included from /usr/include/string.h:495,
                 from ../cryptlib.h:63,
                 from bss_log.c:68:
In function 'strncpy',
    inlined from 'slg_write' at bss_log.c:245:5,
    inlined from 'slg_puts' at bss_log.c:278:11:
/usr/include/x86_64-linux-gnu/bits/string_fortified.h:106:10: warning: '__builtin_strncpy' output truncated before terminating nul copying as many bytes from a string as its length [-Wstringop-truncation]
  106 |   return __builtin___strncpy_chk (__dest, __src, __len, __bos (__dest));
      |          ^~~~~~~~~~~~~~~~~~~~~~~~~~~~~~~~~~~~~~~~~~~~~~~~~~~~~~~~~~~~~~
bss_log.c: In function 'slg_puts':
bss_log.c:277:9: note: length computed here
  277 |     n = strlen(str);
      |         ^~~~~~~~~~~
In file included from /usr/include/string.h:495,
                 from ssl_locl.h:150,
                 from s3_srvr.c:158:
In function 'strncpy',
    inlined from 'ssl3_send_server_key_exchange' at s3_srvr.c:2127:13:
/usr/include/x86_64-linux-gnu/bits/string_fortified.h:106:10: warning: '__builtin_strncpy' output truncated before terminating nul copying as many bytes from a string as its length [-Wstringop-truncation]
  106 |   return __builtin___strncpy_chk (__dest, __src, __len, __bos (__dest));
      |          ^~~~~~~~~~~~~~~~~~~~~~~~~~~~~~~~~~~~~~~~~~~~~~~~~~~~~~~~~~~~~~
s3_srvr.c: In function 'ssl3_send_server_key_exchange':
s3_srvr.c:2127:13: note: length computed here
 2127 |             strncpy((char *)p, s->ctx->psk_identity_hint,
      |             ^~~~~~~~~~~~~~~~~~~~~~~~~~~~~~~~~~~~~~~~~~~~~
 2128 |                     strlen(s->ctx->psk_identity_hint));
      |                     ~~~~~~~~~~~~~~~~~~~~~~~~~~~~~~~~~~
ar: creating ../libssl.a
In file included from /usr/include/string.h:495,
                 from passwd.c:10:
In function 'strncat',
    inlined from 'md5crypt' at passwd.c:309:5,
    inlined from 'do_passwd' at passwd.c:472:16:
/usr/include/x86_64-linux-gnu/bits/string_fortified.h:136:10: warning: '__builtin___strncat_chk' output may be truncated copying 4 bytes from a string of length 4 [-Wstringop-truncation]
  136 |   return __builtin___strncat_chk (__dest, __src, __len, __bos (__dest));
      |          ^~~~~~~~~~~~~~~~~~~~~~~~~~~~~~~~~~~~~~~~~~~~~~~~~~~~~~~~~~~~~~
c_rehash: rehashing skipped ('openssl' program not available)
