making all in crypto...
making all in crypto/objects...
making all in crypto/md4...
making all in crypto/md5...
making all in crypto/sha...
making all in crypto/mdc2...
making all in crypto/hmac...
making all in crypto/ripemd...
making all in crypto/whrlpool...
making all in crypto/sm3...
making all in crypto/des...
making all in crypto/aes...
making all in crypto/rc2...
making all in crypto/rc4...
making all in crypto/idea...
making all in crypto/bf...
making all in crypto/cast...
making all in crypto/camellia...
making all in crypto/seed...
making all in crypto/sm4...
making all in crypto/modes...
making all in crypto/bn...
making all in crypto/ec...
making all in crypto/rsa...
making all in crypto/dsa...
making all in crypto/ecdsa...
making all in crypto/dh...
making all in crypto/ecdh...
making all in crypto/dso...
making all in crypto/sm2...
making all in crypto/engine...
making all in crypto/buffer...
making all in crypto/bio...
making all in crypto/stack...
making all in crypto/lhash...
making all in crypto/rand...
making all in crypto/err...
making all in crypto/evp...
making all in crypto/asn1...
making all in crypto/pem...
making all in crypto/x509...
making all in crypto/x509v3...
making all in crypto/conf...
making all in crypto/txt_db...
making all in crypto/pkcs7...
making all in crypto/pkcs12...
making all in crypto/comp...
making all in crypto/ocsp...
making all in crypto/ui...
making all in crypto/krb5...
making all in crypto/cms...
making all in crypto/pqueue...
making all in crypto/ts...
making all in crypto/srp...
making all in crypto/cmac...
making all in engines...

making all in engines/ccgost...
making all in ssl...
making all in apps...
making all in test...
making all in tools...
