Scanning dependencies of target rocksdb
[  0%] Building CXX object CMakeFiles/rocksdb.dir/cache/cache_entry_roles.cc.o
[  0%] Building CXX object CMakeFiles/rocksdb.dir/cache/cache.cc.o
[  0%] Building CXX object CMakeFiles/rocksdb.dir/cache/cache_key.cc.o
[  1%] Building CXX object CMakeFiles/rocksdb.dir/cache/cache_reservation_manager.cc.o
[  1%] Building CXX object CMakeFiles/rocksdb.dir/cache/clock_cache.cc.o
[  1%] Building CXX object CMakeFiles/rocksdb.dir/cache/lru_cache.cc.o
[  2%] Building CXX object CMakeFiles/rocksdb.dir/cache/sharded_cache.cc.o
[  2%] Building CXX object CMakeFiles/rocksdb.dir/db/arena_wrapped_db_iter.cc.o
[  2%] Building CXX object CMakeFiles/rocksdb.dir/db/blob/blob_fetcher.cc.o
[  3%] Building CXX object CMakeFiles/rocksdb.dir/db/blob/blob_file_addition.cc.o
[  3%] Building CXX object CMakeFiles/rocksdb.dir/db/blob/blob_file_builder.cc.o
[  3%] Building CXX object CMakeFiles/rocksdb.dir/db/blob/blob_file_cache.cc.o
[  4%] Building CXX object CMakeFiles/rocksdb.dir/db/blob/blob_file_garbage.cc.o
[  4%] Building CXX object CMakeFiles/rocksdb.dir/db/blob/blob_file_meta.cc.o
[  4%] Building CXX object CMakeFiles/rocksdb.dir/db/blob/blob_file_reader.cc.o
[  5%] Building CXX object CMakeFiles/rocksdb.dir/db/blob/blob_garbage_meter.cc.o
[  5%] Building CXX object CMakeFiles/rocksdb.dir/db/blob/blob_log_format.cc.o
[  5%] Building CXX object CMakeFiles/rocksdb.dir/db/blob/blob_log_sequential_reader.cc.o
[  6%] Building CXX object CMakeFiles/rocksdb.dir/db/blob/blob_log_writer.cc.o
[  6%] Building CXX object CMakeFiles/rocksdb.dir/db/blob/prefetch_buffer_collection.cc.o
[  6%] Building CXX object CMakeFiles/rocksdb.dir/db/builder.cc.o
[  7%] Building CXX object CMakeFiles/rocksdb.dir/db/c.cc.o
[  7%] Building CXX object CMakeFiles/rocksdb.dir/db/column_family.cc.o
[  7%] Building CXX object CMakeFiles/rocksdb.dir/db/compaction/compaction.cc.o
[  7%] Building CXX object CMakeFiles/rocksdb.dir/db/compaction/compaction_iterator.cc.o
[  8%] Building CXX object CMakeFiles/rocksdb.dir/db/compaction/compaction_picker.cc.o
[  8%] Building CXX object CMakeFiles/rocksdb.dir/db/compaction/compaction_job.cc.o
[  8%] Building CXX object CMakeFiles/rocksdb.dir/db/compaction/compaction_picker_fifo.cc.o
[  9%] Building CXX object CMakeFiles/rocksdb.dir/db/compaction/compaction_picker_level.cc.o
[  9%] Building CXX object CMakeFiles/rocksdb.dir/db/compaction/compaction_picker_universal.cc.o
[  9%] Building CXX object CMakeFiles/rocksdb.dir/db/compaction/sst_partitioner.cc.o
[ 10%] Building CXX object CMakeFiles/rocksdb.dir/db/convenience.cc.o
[ 10%] Building CXX object CMakeFiles/rocksdb.dir/db/db_filesnapshot.cc.o
[ 10%] Building CXX object CMakeFiles/rocksdb.dir/db/db_impl/compacted_db_impl.cc.o
[ 11%] Building CXX object CMakeFiles/rocksdb.dir/db/db_impl/db_impl.cc.o
[ 11%] Building CXX object CMakeFiles/rocksdb.dir/db/db_impl/db_impl_write.cc.o
[ 11%] Building CXX object CMakeFiles/rocksdb.dir/db/db_impl/db_impl_compaction_flush.cc.o
[ 12%] Building CXX object CMakeFiles/rocksdb.dir/db/db_impl/db_impl_files.cc.o
[ 12%] Building CXX object CMakeFiles/rocksdb.dir/db/db_impl/db_impl_open.cc.o
[ 12%] Building CXX object CMakeFiles/rocksdb.dir/db/db_impl/db_impl_debug.cc.o
[ 13%] Building CXX object CMakeFiles/rocksdb.dir/db/db_impl/db_impl_experimental.cc.o
[ 13%] Building CXX object CMakeFiles/rocksdb.dir/db/db_impl/db_impl_readonly.cc.o
[ 13%] Building CXX object CMakeFiles/rocksdb.dir/db/db_impl/db_impl_secondary.cc.o
[ 14%] Building CXX object CMakeFiles/rocksdb.dir/db/db_info_dumper.cc.o
[ 14%] Building CXX object CMakeFiles/rocksdb.dir/db/db_iter.cc.o
[ 14%] Building CXX object CMakeFiles/rocksdb.dir/db/dbformat.cc.o
[ 14%] Building CXX object CMakeFiles/rocksdb.dir/db/error_handler.cc.o
[ 15%] Building CXX object CMakeFiles/rocksdb.dir/db/event_helpers.cc.o
[ 15%] Building CXX object CMakeFiles/rocksdb.dir/db/experimental.cc.o
[ 15%] Building CXX object CMakeFiles/rocksdb.dir/db/external_sst_file_ingestion_job.cc.o
[ 16%] Building CXX object CMakeFiles/rocksdb.dir/db/file_indexer.cc.o
[ 16%] Building CXX object CMakeFiles/rocksdb.dir/db/flush_job.cc.o
[ 16%] Building CXX object CMakeFiles/rocksdb.dir/db/flush_scheduler.cc.o
[ 17%] Building CXX object CMakeFiles/rocksdb.dir/db/forward_iterator.cc.o
[ 17%] Building CXX object CMakeFiles/rocksdb.dir/db/import_column_family_job.cc.o
[ 17%] Building CXX object CMakeFiles/rocksdb.dir/db/internal_stats.cc.o
[ 18%] Building CXX object CMakeFiles/rocksdb.dir/db/logs_with_prep_tracker.cc.o
[ 18%] Building CXX object CMakeFiles/rocksdb.dir/db/log_reader.cc.o
[ 18%] Building CXX object CMakeFiles/rocksdb.dir/db/log_writer.cc.o
[ 19%] Building CXX object CMakeFiles/rocksdb.dir/db/malloc_stats.cc.o
[ 19%] Building CXX object CMakeFiles/rocksdb.dir/db/memtable.cc.o
[ 19%] Building CXX object CMakeFiles/rocksdb.dir/db/memtable_list.cc.o
[ 20%] Building CXX object CMakeFiles/rocksdb.dir/db/merge_helper.cc.o
[ 20%] Building CXX object CMakeFiles/rocksdb.dir/db/merge_operator.cc.o
[ 20%] Building CXX object CMakeFiles/rocksdb.dir/db/output_validator.cc.o
[ 21%] Building CXX object CMakeFiles/rocksdb.dir/db/periodic_work_scheduler.cc.o
[ 21%] Building CXX object CMakeFiles/rocksdb.dir/db/range_del_aggregator.cc.o
[ 21%] Building CXX object CMakeFiles/rocksdb.dir/db/range_tombstone_fragmenter.cc.o
[ 21%] Building CXX object CMakeFiles/rocksdb.dir/db/repair.cc.o
[ 22%] Building CXX object CMakeFiles/rocksdb.dir/db/snapshot_impl.cc.o
[ 22%] Building CXX object CMakeFiles/rocksdb.dir/db/table_cache.cc.o
[ 22%] Building CXX object CMakeFiles/rocksdb.dir/db/table_properties_collector.cc.o
[ 23%] Building CXX object CMakeFiles/rocksdb.dir/db/transaction_log_impl.cc.o
[ 23%] Building CXX object CMakeFiles/rocksdb.dir/db/trim_history_scheduler.cc.o
[ 23%] Building CXX object CMakeFiles/rocksdb.dir/db/version_builder.cc.o
[ 24%] Building CXX object CMakeFiles/rocksdb.dir/db/version_edit.cc.o
[ 24%] Building CXX object CMakeFiles/rocksdb.dir/db/version_edit_handler.cc.o
[ 24%] Building CXX object CMakeFiles/rocksdb.dir/db/version_set.cc.o
[ 25%] Building CXX object CMakeFiles/rocksdb.dir/db/wal_edit.cc.o
[ 25%] Building CXX object CMakeFiles/rocksdb.dir/db/wal_manager.cc.o
[ 25%] Building CXX object CMakeFiles/rocksdb.dir/db/write_batch.cc.o
[ 26%] Building CXX object CMakeFiles/rocksdb.dir/db/write_batch_base.cc.o
[ 26%] Building CXX object CMakeFiles/rocksdb.dir/db/write_controller.cc.o
[ 26%] Building CXX object CMakeFiles/rocksdb.dir/db/write_thread.cc.o
[ 27%] Building CXX object CMakeFiles/rocksdb.dir/env/composite_env.cc.o
[ 27%] Building CXX object CMakeFiles/rocksdb.dir/env/env.cc.o
[ 27%] Building CXX object CMakeFiles/rocksdb.dir/env/env_chroot.cc.o
[ 28%] Building CXX object CMakeFiles/rocksdb.dir/env/env_encryption.cc.o
[ 28%] Building CXX object CMakeFiles/rocksdb.dir/env/env_hdfs.cc.o
[ 28%] Building CXX object CMakeFiles/rocksdb.dir/env/file_system.cc.o
[ 28%] Building CXX object CMakeFiles/rocksdb.dir/env/file_system_tracer.cc.o
[ 29%] Building CXX object CMakeFiles/rocksdb.dir/env/fs_remap.cc.o
[ 29%] Building CXX object CMakeFiles/rocksdb.dir/env/mock_env.cc.o
[ 29%] Building CXX object CMakeFiles/rocksdb.dir/env/unique_id_gen.cc.o
[ 30%] Building CXX object CMakeFiles/rocksdb.dir/file/delete_scheduler.cc.o
[ 30%] Building CXX object CMakeFiles/rocksdb.dir/file/file_prefetch_buffer.cc.o
[ 30%] Building CXX object CMakeFiles/rocksdb.dir/file/file_util.cc.o
[ 31%] Building CXX object CMakeFiles/rocksdb.dir/file/filename.cc.o
[ 31%] Building CXX object CMakeFiles/rocksdb.dir/file/line_file_reader.cc.o
[ 31%] Building CXX object CMakeFiles/rocksdb.dir/file/random_access_file_reader.cc.o
[ 32%] Building CXX object CMakeFiles/rocksdb.dir/file/read_write_util.cc.o
[ 32%] Building CXX object CMakeFiles/rocksdb.dir/file/readahead_raf.cc.o
[ 32%] Building CXX object CMakeFiles/rocksdb.dir/file/sequence_file_reader.cc.o
[ 33%] Building CXX object CMakeFiles/rocksdb.dir/file/sst_file_manager_impl.cc.o
[ 33%] Building CXX object CMakeFiles/rocksdb.dir/file/writable_file_writer.cc.o
[ 33%] Building CXX object CMakeFiles/rocksdb.dir/logging/auto_roll_logger.cc.o
[ 34%] Building CXX object CMakeFiles/rocksdb.dir/logging/event_logger.cc.o
[ 34%] Building CXX object CMakeFiles/rocksdb.dir/logging/log_buffer.cc.o
[ 34%] Building CXX object CMakeFiles/rocksdb.dir/memory/arena.cc.o
[ 35%] Building CXX object CMakeFiles/rocksdb.dir/memory/concurrent_arena.cc.o
[ 35%] Building CXX object CMakeFiles/rocksdb.dir/memory/jemalloc_nodump_allocator.cc.o
[ 35%] Building CXX object CMakeFiles/rocksdb.dir/memory/memkind_kmem_allocator.cc.o
[ 35%] Building CXX object CMakeFiles/rocksdb.dir/memory/memory_allocator.cc.o
[ 36%] Building CXX object CMakeFiles/rocksdb.dir/memtable/alloc_tracker.cc.o
[ 36%] Building CXX object CMakeFiles/rocksdb.dir/memtable/hash_linklist_rep.cc.o
[ 36%] Building CXX object CMakeFiles/rocksdb.dir/memtable/hash_skiplist_rep.cc.o
[ 37%] Building CXX object CMakeFiles/rocksdb.dir/memtable/skiplistrep.cc.o
[ 37%] Building CXX object CMakeFiles/rocksdb.dir/memtable/vectorrep.cc.o
[ 37%] Building CXX object CMakeFiles/rocksdb.dir/memtable/write_buffer_manager.cc.o
[ 38%] Building CXX object CMakeFiles/rocksdb.dir/monitoring/histogram.cc.o
[ 38%] Building CXX object CMakeFiles/rocksdb.dir/monitoring/histogram_windowing.cc.o
[ 38%] Building CXX object CMakeFiles/rocksdb.dir/monitoring/in_memory_stats_history.cc.o
[ 39%] Building CXX object CMakeFiles/rocksdb.dir/monitoring/instrumented_mutex.cc.o
[ 39%] Building CXX object CMakeFiles/rocksdb.dir/monitoring/iostats_context.cc.o
[ 39%] Building CXX object CMakeFiles/rocksdb.dir/monitoring/perf_context.cc.o
[ 40%] Building CXX object CMakeFiles/rocksdb.dir/monitoring/perf_level.cc.o
[ 40%] Building CXX object CMakeFiles/rocksdb.dir/monitoring/persistent_stats_history.cc.o
[ 40%] Building CXX object CMakeFiles/rocksdb.dir/monitoring/statistics.cc.o
[ 41%] Building CXX object CMakeFiles/rocksdb.dir/monitoring/thread_status_impl.cc.o
[ 41%] Building CXX object CMakeFiles/rocksdb.dir/monitoring/thread_status_updater.cc.o
[ 41%] Building CXX object CMakeFiles/rocksdb.dir/monitoring/thread_status_util.cc.o
[ 42%] Building CXX object CMakeFiles/rocksdb.dir/monitoring/thread_status_util_debug.cc.o
[ 42%] Building CXX object CMakeFiles/rocksdb.dir/options/cf_options.cc.o
[ 42%] Building CXX object CMakeFiles/rocksdb.dir/options/configurable.cc.o
[ 42%] Building CXX object CMakeFiles/rocksdb.dir/options/customizable.cc.o
[ 43%] Building CXX object CMakeFiles/rocksdb.dir/options/db_options.cc.o
[ 43%] Building CXX object CMakeFiles/rocksdb.dir/options/options.cc.o
[ 43%] Building CXX object CMakeFiles/rocksdb.dir/options/options_helper.cc.o
[ 44%] Building CXX object CMakeFiles/rocksdb.dir/options/options_parser.cc.o
[ 44%] Building CXX object CMakeFiles/rocksdb.dir/port/stack_trace.cc.o
[ 44%] Building CXX object CMakeFiles/rocksdb.dir/table/adaptive/adaptive_table_factory.cc.o
[ 45%] Building CXX object CMakeFiles/rocksdb.dir/table/block_based/binary_search_index_reader.cc.o
[ 45%] Building CXX object CMakeFiles/rocksdb.dir/table/block_based/block.cc.o
[ 45%] Building CXX object CMakeFiles/rocksdb.dir/table/block_based/block_based_filter_block.cc.o
[ 46%] Building CXX object CMakeFiles/rocksdb.dir/table/block_based/block_based_table_builder.cc.o
[ 46%] Building CXX object CMakeFiles/rocksdb.dir/table/block_based/block_based_table_factory.cc.o
[ 46%] Building CXX object CMakeFiles/rocksdb.dir/table/block_based/block_based_table_iterator.cc.o
[ 47%] Building CXX object CMakeFiles/rocksdb.dir/table/block_based/block_based_table_reader.cc.o
[ 47%] Building CXX object CMakeFiles/rocksdb.dir/table/block_based/block_builder.cc.o
[ 47%] Building CXX object CMakeFiles/rocksdb.dir/table/block_based/block_prefetcher.cc.o
[ 48%] Building CXX object CMakeFiles/rocksdb.dir/table/block_based/block_prefix_index.cc.o
[ 48%] Building CXX object CMakeFiles/rocksdb.dir/table/block_based/data_block_hash_index.cc.o
[ 48%] Building CXX object CMakeFiles/rocksdb.dir/table/block_based/data_block_footer.cc.o
[ 49%] Building CXX object CMakeFiles/rocksdb.dir/table/block_based/filter_block_reader_common.cc.o
[ 49%] Building CXX object CMakeFiles/rocksdb.dir/table/block_based/filter_policy.cc.o
[ 49%] Building CXX object CMakeFiles/rocksdb.dir/table/block_based/flush_block_policy.cc.o
[ 50%] Building CXX object CMakeFiles/rocksdb.dir/table/block_based/full_filter_block.cc.o
[ 50%] Building CXX object CMakeFiles/rocksdb.dir/table/block_based/hash_index_reader.cc.o
[ 50%] Building CXX object CMakeFiles/rocksdb.dir/table/block_based/index_reader_common.cc.o
[ 50%] Building CXX object CMakeFiles/rocksdb.dir/table/block_based/index_builder.cc.o
[ 51%] Building CXX object CMakeFiles/rocksdb.dir/table/block_based/parsed_full_filter_block.cc.o
[ 51%] Building CXX object CMakeFiles/rocksdb.dir/table/block_based/partitioned_filter_block.cc.o
[ 51%] Building CXX object CMakeFiles/rocksdb.dir/table/block_based/partitioned_index_iterator.cc.o
[ 52%] Building CXX object CMakeFiles/rocksdb.dir/table/block_based/partitioned_index_reader.cc.o
[ 52%] Building CXX object CMakeFiles/rocksdb.dir/table/block_based/reader_common.cc.o
[ 52%] Building CXX object CMakeFiles/rocksdb.dir/table/block_based/uncompression_dict_reader.cc.o
[ 53%] Building CXX object CMakeFiles/rocksdb.dir/table/block_fetcher.cc.o
[ 53%] Building CXX object CMakeFiles/rocksdb.dir/table/cuckoo/cuckoo_table_builder.cc.o
[ 53%] Building CXX object CMakeFiles/rocksdb.dir/table/cuckoo/cuckoo_table_factory.cc.o
[ 54%] Building CXX object CMakeFiles/rocksdb.dir/table/cuckoo/cuckoo_table_reader.cc.o
[ 54%] Building CXX object CMakeFiles/rocksdb.dir/table/format.cc.o
[ 54%] Building CXX object CMakeFiles/rocksdb.dir/table/get_context.cc.o
[ 55%] Building CXX object CMakeFiles/rocksdb.dir/table/iterator.cc.o
[ 55%] Building CXX object CMakeFiles/rocksdb.dir/table/merging_iterator.cc.o
[ 55%] Building CXX object CMakeFiles/rocksdb.dir/table/meta_blocks.cc.o
[ 56%] Building CXX object CMakeFiles/rocksdb.dir/table/persistent_cache_helper.cc.o
[ 56%] Building CXX object CMakeFiles/rocksdb.dir/table/plain/plain_table_bloom.cc.o
[ 56%] Building CXX object CMakeFiles/rocksdb.dir/table/plain/plain_table_builder.cc.o
[ 57%] Building CXX object CMakeFiles/rocksdb.dir/table/plain/plain_table_factory.cc.o
[ 57%] Building CXX object CMakeFiles/rocksdb.dir/table/plain/plain_table_index.cc.o
[ 57%] Building CXX object CMakeFiles/rocksdb.dir/table/plain/plain_table_key_coding.cc.o
[ 57%] Building CXX object CMakeFiles/rocksdb.dir/table/plain/plain_table_reader.cc.o
[ 58%] Building CXX object CMakeFiles/rocksdb.dir/table/sst_file_dumper.cc.o
[ 58%] Building CXX object CMakeFiles/rocksdb.dir/table/sst_file_reader.cc.o
[ 58%] Building CXX object CMakeFiles/rocksdb.dir/table/sst_file_writer.cc.o
[ 59%] Building CXX object CMakeFiles/rocksdb.dir/table/table_factory.cc.o
[ 59%] Building CXX object CMakeFiles/rocksdb.dir/table/table_properties.cc.o
[ 59%] Building CXX object CMakeFiles/rocksdb.dir/table/two_level_iterator.cc.o
[ 60%] Building CXX object CMakeFiles/rocksdb.dir/table/unique_id.cc.o
[ 60%] Building CXX object CMakeFiles/rocksdb.dir/test_util/sync_point.cc.o
[ 60%] Building CXX object CMakeFiles/rocksdb.dir/test_util/sync_point_impl.cc.o
[ 61%] Building CXX object CMakeFiles/rocksdb.dir/test_util/testutil.cc.o
[ 61%] Building CXX object CMakeFiles/rocksdb.dir/test_util/transaction_test_util.cc.o
[ 61%] Building CXX object CMakeFiles/rocksdb.dir/tools/block_cache_analyzer/block_cache_trace_analyzer.cc.o
[ 62%] Building CXX object CMakeFiles/rocksdb.dir/tools/dump/db_dump_tool.cc.o
[ 62%] Building CXX object CMakeFiles/rocksdb.dir/tools/io_tracer_parser_tool.cc.o
[ 62%] Building CXX object CMakeFiles/rocksdb.dir/tools/ldb_cmd.cc.o
[ 63%] Building CXX object CMakeFiles/rocksdb.dir/tools/ldb_tool.cc.o
[ 63%] Building CXX object CMakeFiles/rocksdb.dir/tools/sst_dump_tool.cc.o
[ 63%] Building CXX object CMakeFiles/rocksdb.dir/tools/trace_analyzer_tool.cc.o
[ 64%] Building CXX object CMakeFiles/rocksdb.dir/trace_replay/block_cache_tracer.cc.o
[ 64%] Building CXX object CMakeFiles/rocksdb.dir/trace_replay/io_tracer.cc.o
[ 64%] Building CXX object CMakeFiles/rocksdb.dir/trace_replay/trace_record_handler.cc.o
[ 64%] Building CXX object CMakeFiles/rocksdb.dir/trace_replay/trace_record_result.cc.o
[ 65%] Building CXX object CMakeFiles/rocksdb.dir/trace_replay/trace_record.cc.o
[ 65%] Building CXX object CMakeFiles/rocksdb.dir/trace_replay/trace_replay.cc.o
[ 65%] Building CXX object CMakeFiles/rocksdb.dir/util/coding.cc.o
[ 66%] Building CXX object CMakeFiles/rocksdb.dir/util/compaction_job_stats_impl.cc.o
[ 66%] Building CXX object CMakeFiles/rocksdb.dir/util/comparator.cc.o
[ 66%] Building CXX object CMakeFiles/rocksdb.dir/util/compression_context_cache.cc.o
[ 67%] Building CXX object CMakeFiles/rocksdb.dir/util/concurrent_task_limiter_impl.cc.o
[ 67%] Building CXX object CMakeFiles/rocksdb.dir/util/crc32c.cc.o
[ 67%] Building CXX object CMakeFiles/rocksdb.dir/util/dynamic_bloom.cc.o
[ 68%] Building CXX object CMakeFiles/rocksdb.dir/util/hash.cc.o
[ 68%] Building CXX object CMakeFiles/rocksdb.dir/util/murmurhash.cc.o
[ 68%] Building CXX object CMakeFiles/rocksdb.dir/util/random.cc.o
[ 69%] Building CXX object CMakeFiles/rocksdb.dir/util/rate_limiter.cc.o
[ 69%] Building CXX object CMakeFiles/rocksdb.dir/util/ribbon_config.cc.o
[ 69%] Building CXX object CMakeFiles/rocksdb.dir/util/regex.cc.o
[ 70%] Building CXX object CMakeFiles/rocksdb.dir/util/slice.cc.o
[ 70%] Building CXX object CMakeFiles/rocksdb.dir/util/file_checksum_helper.cc.o
[ 70%] Building CXX object CMakeFiles/rocksdb.dir/util/status.cc.o
[ 71%] Building CXX object CMakeFiles/rocksdb.dir/util/string_util.cc.o
[ 71%] Building CXX object CMakeFiles/rocksdb.dir/util/thread_local.cc.o
[ 71%] Building CXX object CMakeFiles/rocksdb.dir/util/threadpool_imp.cc.o
[ 71%] Building CXX object CMakeFiles/rocksdb.dir/util/xxhash.cc.o
[ 72%] Building CXX object CMakeFiles/rocksdb.dir/utilities/backupable/backupable_db.cc.o
[ 72%] Building CXX object CMakeFiles/rocksdb.dir/utilities/blob_db/blob_compaction_filter.cc.o
[ 72%] Building CXX object CMakeFiles/rocksdb.dir/utilities/blob_db/blob_db.cc.o
[ 73%] Building CXX object CMakeFiles/rocksdb.dir/utilities/blob_db/blob_db_impl.cc.o
[ 73%] Building CXX object CMakeFiles/rocksdb.dir/utilities/blob_db/blob_db_impl_filesnapshot.cc.o
[ 73%] Building CXX object CMakeFiles/rocksdb.dir/utilities/blob_db/blob_dump_tool.cc.o
[ 74%] Building CXX object CMakeFiles/rocksdb.dir/utilities/blob_db/blob_file.cc.o
[ 74%] Building CXX object CMakeFiles/rocksdb.dir/utilities/cache_dump_load.cc.o
[ 74%] Building CXX object CMakeFiles/rocksdb.dir/utilities/cache_dump_load_impl.cc.o
[ 75%] Building CXX object CMakeFiles/rocksdb.dir/utilities/cassandra/cassandra_compaction_filter.cc.o
[ 75%] Building CXX object CMakeFiles/rocksdb.dir/utilities/cassandra/format.cc.o
[ 75%] Building CXX object CMakeFiles/rocksdb.dir/utilities/cassandra/merge_operator.cc.o
[ 76%] Building CXX object CMakeFiles/rocksdb.dir/utilities/checkpoint/checkpoint_impl.cc.o
[ 76%] Building CXX object CMakeFiles/rocksdb.dir/utilities/compaction_filters.cc.o
[ 76%] Building CXX object CMakeFiles/rocksdb.dir/utilities/compaction_filters/remove_emptyvalue_compactionfilter.cc.o
[ 77%] Building CXX object CMakeFiles/rocksdb.dir/utilities/debug.cc.o
[ 77%] Building CXX object CMakeFiles/rocksdb.dir/utilities/env_mirror.cc.o
[ 77%] Building CXX object CMakeFiles/rocksdb.dir/utilities/env_timed.cc.o
[ 78%] Building CXX object CMakeFiles/rocksdb.dir/utilities/fault_injection_env.cc.o
[ 78%] Building CXX object CMakeFiles/rocksdb.dir/utilities/fault_injection_fs.cc.o
[ 78%] Building CXX object CMakeFiles/rocksdb.dir/utilities/fault_injection_secondary_cache.cc.o
[ 78%] Building CXX object CMakeFiles/rocksdb.dir/utilities/leveldb_options/leveldb_options.cc.o
[ 79%] Building CXX object CMakeFiles/rocksdb.dir/utilities/memory/memory_util.cc.o
[ 79%] Building CXX object CMakeFiles/rocksdb.dir/utilities/merge_operators.cc.o
[ 79%] Building CXX object CMakeFiles/rocksdb.dir/utilities/merge_operators/bytesxor.cc.o
[ 80%] Building CXX object CMakeFiles/rocksdb.dir/utilities/merge_operators/max.cc.o
[ 80%] Building CXX object CMakeFiles/rocksdb.dir/utilities/merge_operators/put.cc.o
[ 80%] Building CXX object CMakeFiles/rocksdb.dir/utilities/merge_operators/sortlist.cc.o
[ 81%] Building CXX object CMakeFiles/rocksdb.dir/utilities/merge_operators/string_append/stringappend.cc.o
[ 81%] Building CXX object CMakeFiles/rocksdb.dir/utilities/merge_operators/string_append/stringappend2.cc.o
[ 81%] Building CXX object CMakeFiles/rocksdb.dir/utilities/merge_operators/uint64add.cc.o
[ 82%] Building CXX object CMakeFiles/rocksdb.dir/utilities/object_registry.cc.o
[ 82%] Building CXX object CMakeFiles/rocksdb.dir/utilities/option_change_migration/option_change_migration.cc.o
[ 82%] Building CXX object CMakeFiles/rocksdb.dir/utilities/options/options_util.cc.o
[ 83%] Building CXX object CMakeFiles/rocksdb.dir/utilities/persistent_cache/block_cache_tier.cc.o
[ 83%] Building CXX object CMakeFiles/rocksdb.dir/utilities/persistent_cache/block_cache_tier_file.cc.o
[ 83%] Building CXX object CMakeFiles/rocksdb.dir/utilities/persistent_cache/block_cache_tier_metadata.cc.o
[ 84%] Building CXX object CMakeFiles/rocksdb.dir/utilities/persistent_cache/persistent_cache_tier.cc.o
[ 84%] Building CXX object CMakeFiles/rocksdb.dir/utilities/persistent_cache/volatile_tier_impl.cc.o
[ 84%] Building CXX object CMakeFiles/rocksdb.dir/utilities/simulator_cache/cache_simulator.cc.o
[ 85%] Building CXX object CMakeFiles/rocksdb.dir/utilities/simulator_cache/sim_cache.cc.o
[ 85%] Building CXX object CMakeFiles/rocksdb.dir/utilities/table_properties_collectors/compact_on_deletion_collector.cc.o
[ 85%] Building CXX object CMakeFiles/rocksdb.dir/utilities/trace/file_trace_reader_writer.cc.o
[ 85%] Building CXX object CMakeFiles/rocksdb.dir/utilities/trace/replayer_impl.cc.o
[ 86%] Building CXX object CMakeFiles/rocksdb.dir/utilities/transactions/lock/lock_manager.cc.o
[ 86%] Building CXX object CMakeFiles/rocksdb.dir/utilities/transactions/lock/point/point_lock_tracker.cc.o
[ 86%] Building CXX object CMakeFiles/rocksdb.dir/utilities/transactions/lock/point/point_lock_manager.cc.o
[ 87%] Building CXX object CMakeFiles/rocksdb.dir/utilities/transactions/lock/range/range_tree/range_tree_lock_manager.cc.o
[ 87%] Building CXX object CMakeFiles/rocksdb.dir/utilities/transactions/lock/range/range_tree/range_tree_lock_tracker.cc.o
[ 87%] Building CXX object CMakeFiles/rocksdb.dir/utilities/transactions/optimistic_transaction_db_impl.cc.o
[ 88%] Building CXX object CMakeFiles/rocksdb.dir/utilities/transactions/optimistic_transaction.cc.o
[ 88%] Building CXX object CMakeFiles/rocksdb.dir/utilities/transactions/pessimistic_transaction.cc.o
[ 88%] Building CXX object CMakeFiles/rocksdb.dir/utilities/transactions/pessimistic_transaction_db.cc.o
[ 89%] Building CXX object CMakeFiles/rocksdb.dir/utilities/transactions/snapshot_checker.cc.o
[ 89%] Building CXX object CMakeFiles/rocksdb.dir/utilities/transactions/transaction_base.cc.o
[ 89%] Building CXX object CMakeFiles/rocksdb.dir/utilities/transactions/transaction_db_mutex_impl.cc.o
[ 90%] Building CXX object CMakeFiles/rocksdb.dir/utilities/transactions/transaction_util.cc.o
[ 90%] Building CXX object CMakeFiles/rocksdb.dir/utilities/transactions/write_prepared_txn.cc.o
[ 90%] Building CXX object CMakeFiles/rocksdb.dir/utilities/transactions/write_prepared_txn_db.cc.o
[ 91%] Building CXX object CMakeFiles/rocksdb.dir/utilities/transactions/write_unprepared_txn.cc.o
[ 91%] Building CXX object CMakeFiles/rocksdb.dir/utilities/transactions/write_unprepared_txn_db.cc.o
[ 91%] Building CXX object CMakeFiles/rocksdb.dir/utilities/ttl/db_ttl_impl.cc.o
[ 92%] Building CXX object CMakeFiles/rocksdb.dir/utilities/wal_filter.cc.o
[ 92%] Building CXX object CMakeFiles/rocksdb.dir/utilities/write_batch_with_index/write_batch_with_index.cc.o
[ 92%] Building CXX object CMakeFiles/rocksdb.dir/utilities/write_batch_with_index/write_batch_with_index_internal.cc.o
[ 92%] Building CXX object CMakeFiles/rocksdb.dir/utilities/transactions/lock/range/range_tree/lib/locktree/concurrent_tree.cc.o
[ 93%] Building CXX object CMakeFiles/rocksdb.dir/utilities/transactions/lock/range/range_tree/lib/locktree/keyrange.cc.o
[ 93%] Building CXX object CMakeFiles/rocksdb.dir/utilities/transactions/lock/range/range_tree/lib/locktree/lock_request.cc.o
[ 93%] Building CXX object CMakeFiles/rocksdb.dir/utilities/transactions/lock/range/range_tree/lib/locktree/locktree.cc.o
[ 94%] Building CXX object CMakeFiles/rocksdb.dir/utilities/transactions/lock/range/range_tree/lib/locktree/manager.cc.o
[ 94%] Building CXX object CMakeFiles/rocksdb.dir/utilities/transactions/lock/range/range_tree/lib/locktree/range_buffer.cc.o
[ 94%] Building CXX object CMakeFiles/rocksdb.dir/utilities/transactions/lock/range/range_tree/lib/locktree/treenode.cc.o
[ 95%] Building CXX object CMakeFiles/rocksdb.dir/utilities/transactions/lock/range/range_tree/lib/locktree/txnid_set.cc.o
[ 95%] Building CXX object CMakeFiles/rocksdb.dir/utilities/transactions/lock/range/range_tree/lib/locktree/wfg.cc.o
[ 95%] Building CXX object CMakeFiles/rocksdb.dir/utilities/transactions/lock/range/range_tree/lib/standalone_port.cc.o
[ 96%] Building CXX object CMakeFiles/rocksdb.dir/utilities/transactions/lock/range/range_tree/lib/util/dbt.cc.o
[ 96%] Building CXX object CMakeFiles/rocksdb.dir/utilities/transactions/lock/range/range_tree/lib/util/memarena.cc.o
[ 96%] Building CXX object CMakeFiles/rocksdb.dir/port/port_posix.cc.o
[ 97%] Building CXX object CMakeFiles/rocksdb.dir/env/env_posix.cc.o
[ 97%] Building CXX object CMakeFiles/rocksdb.dir/env/fs_posix.cc.o
[ 97%] Building CXX object CMakeFiles/rocksdb.dir/env/io_posix.cc.o
[ 98%] Building CXX object CMakeFiles/rocksdb.dir/third-party/folly/folly/detail/Futex.cpp.o
[ 98%] Building CXX object CMakeFiles/rocksdb.dir/third-party/folly/folly/synchronization/AtomicNotification.cpp.o
[ 98%] Building CXX object CMakeFiles/rocksdb.dir/third-party/folly/folly/synchronization/DistributedMutex.cpp.o
[ 99%] Building CXX object CMakeFiles/rocksdb.dir/third-party/folly/folly/synchronization/ParkingLot.cpp.o
[ 99%] Building CXX object CMakeFiles/rocksdb.dir/third-party/folly/folly/synchronization/WaitOptions.cpp.o
[ 99%] Building CXX object CMakeFiles/rocksdb.dir/build_version.cc.o
[100%] Linking CXX static library librocksdb.a
[100%] Built target rocksdb
