-- The CXX compiler identification is GNU 9.4.0
-- The C compiler identification is GNU 9.4.0
-- The ASM compiler identification is GNU
-- Found assembler: /usr/bin/cc
-- Check for working CXX compiler: /usr/bin/c++
-- Check for working CXX compiler: /usr/bin/c++ -- works
-- Detecting CXX compiler ABI info
-- Detecting CXX compiler ABI info - done
-- Detecting CXX compile features
-- Detecting CXX compile features - done
-- Check for working C compiler: /usr/bin/cc
-- Check for working C compiler: /usr/bin/cc -- works
-- Detecting C compiler ABI info
-- Detecting C compiler ABI info - done
-- Detecting C compile features
-- Detecting C compile features - done
-- Found Git: /usr/bin/git (found version "2.25.1") 
-- Performing Test HAVE_OMIT_LEAF_FRAME_POINTER
-- Performing Test HAVE_OMIT_LEAF_FRAME_POINTER - Success
-- Performing Test HAVE_SSE42
-- Performing Test HAVE_SSE42 - Success
-- Performing Test BUILTIN_ATOMIC
-- Performing Test BUILTIN_ATOMIC - Success
-- Could NOT find uring (missing: uring_LIBRARIES uring_INCLUDE_DIR) 
-- Performing Test HAVE_THREAD_LOCAL
-- Performing Test HAVE_THREAD_LOCAL - Success
-- Enabling RTTI
-- Performing Test HAVE_FALLOCATE
-- Performing Test HAVE_FALLOCATE - Success
-- Performing Test HAVE_SYNC_FILE_RANGE_WRITE
-- Performing Test HAVE_SYNC_FILE_RANGE_WRITE - Success
-- Performing Test HAVE_PTHREAD_MUTEX_ADAPTIVE_NP
-- Performing Test HAVE_PTHREAD_MUTEX_ADAPTIVE_NP - Success
-- Looking for malloc_usable_size
-- Looking for malloc_usable_size - found
-- Looking for sched_getcpu
-- Looking for sched_getcpu - found
-- Looking for getauxval
-- Looking for getauxval - not found
-- Looking for F_FULLFSYNC
-- Looking for F_FULLFSYNC - not found
-- Looking for pthread.h
-- Looking for pthread.h - found
-- Performing Test CMAKE_HAVE_LIBC_PTHREAD
-- Performing Test CMAKE_HAVE_LIBC_PTHREAD - Failed
-- Looking for pthread_create in pthreads
-- Looking for pthread_create in pthreads - not found
-- Looking for pthread_create in pthread
-- Looking for pthread_create in pthread - found
-- Found Threads: TRUE  
-- ROCKSDB_PLUGINS: 
-- JNI library is disabled
-- Configuring done
-- Generating done
-- Build files have been written to: /home/dyy/FISCO-TIDY/FISCO-BCOS-2.9.1/deps/src/rocksdb
