Determining if the include file sys/endian.h exists failed with the following output:
Change Dir: /home/dyy/FISCO-TIDY/FISCO-BCOS-2.9.1/deps/src/snappy/CMakeFiles/CMakeTmp

Run Build Command(s):/usr/bin/make cmTC_38495/fast && make[3]: 进入目录“/home/dyy/FISCO-TIDY/FISCO-BCOS-2.9.1/deps/src/snappy/CMakeFiles/CMakeTmp”
/usr/bin/make -f CMakeFiles/cmTC_38495.dir/build.make CMakeFiles/cmTC_38495.dir/build
make[4]: 进入目录“/home/dyy/FISCO-TIDY/FISCO-BCOS-2.9.1/deps/src/snappy/CMakeFiles/CMakeTmp”
Building C object CMakeFiles/cmTC_38495.dir/CheckIncludeFile.c.o
/usr/bin/cc    -o CMakeFiles/cmTC_38495.dir/CheckIncludeFile.c.o   -c /home/dyy/FISCO-TIDY/FISCO-BCOS-2.9.1/deps/src/snappy/CMakeFiles/CMakeTmp/CheckIncludeFile.c
/home/dyy/FISCO-TIDY/FISCO-BCOS-2.9.1/deps/src/snappy/CMakeFiles/CMakeTmp/CheckIncludeFile.c:1:10: fatal error: sys/endian.h: 没有那个文件或目录
    1 | #include <sys/endian.h>
      |          ^~~~~~~~~~~~~~
compilation terminated.
make[4]: *** [CMakeFiles/cmTC_38495.dir/build.make:66：CMakeFiles/cmTC_38495.dir/CheckIncludeFile.c.o] 错误 1
make[4]: 离开目录“/home/dyy/FISCO-TIDY/FISCO-BCOS-2.9.1/deps/src/snappy/CMakeFiles/CMakeTmp”
make[3]: *** [Makefile:121：cmTC_38495/fast] 错误 2
make[3]: 离开目录“/home/dyy/FISCO-TIDY/FISCO-BCOS-2.9.1/deps/src/snappy/CMakeFiles/CMakeTmp”



Determining if the include file windows.h exists failed with the following output:
Change Dir: /home/dyy/FISCO-TIDY/FISCO-BCOS-2.9.1/deps/src/snappy/CMakeFiles/CMakeTmp

Run Build Command(s):/usr/bin/make cmTC_97ab4/fast && make[3]: 进入目录“/home/dyy/FISCO-TIDY/FISCO-BCOS-2.9.1/deps/src/snappy/CMakeFiles/CMakeTmp”
/usr/bin/make -f CMakeFiles/cmTC_97ab4.dir/build.make CMakeFiles/cmTC_97ab4.dir/build
make[4]: 进入目录“/home/dyy/FISCO-TIDY/FISCO-BCOS-2.9.1/deps/src/snappy/CMakeFiles/CMakeTmp”
Building C object CMakeFiles/cmTC_97ab4.dir/CheckIncludeFile.c.o
/usr/bin/cc    -o CMakeFiles/cmTC_97ab4.dir/CheckIncludeFile.c.o   -c /home/dyy/FISCO-TIDY/FISCO-BCOS-2.9.1/deps/src/snappy/CMakeFiles/CMakeTmp/CheckIncludeFile.c
/home/dyy/FISCO-TIDY/FISCO-BCOS-2.9.1/deps/src/snappy/CMakeFiles/CMakeTmp/CheckIncludeFile.c:1:10: fatal error: windows.h: 没有那个文件或目录
    1 | #include <windows.h>
      |          ^~~~~~~~~~~
compilation terminated.
make[4]: *** [CMakeFiles/cmTC_97ab4.dir/build.make:66：CMakeFiles/cmTC_97ab4.dir/CheckIncludeFile.c.o] 错误 1
make[4]: 离开目录“/home/dyy/FISCO-TIDY/FISCO-BCOS-2.9.1/deps/src/snappy/CMakeFiles/CMakeTmp”
make[3]: *** [Makefile:121：cmTC_97ab4/fast] 错误 2
make[3]: 离开目录“/home/dyy/FISCO-TIDY/FISCO-BCOS-2.9.1/deps/src/snappy/CMakeFiles/CMakeTmp”



Determining if the function lzo1x_1_15_compress exists in the lzo2 failed with the following output:
Change Dir: /home/dyy/FISCO-TIDY/FISCO-BCOS-2.9.1/deps/src/snappy/CMakeFiles/CMakeTmp

Run Build Command(s):/usr/bin/make cmTC_ed36d/fast && make[3]: 进入目录“/home/dyy/FISCO-TIDY/FISCO-BCOS-2.9.1/deps/src/snappy/CMakeFiles/CMakeTmp”
/usr/bin/make -f CMakeFiles/cmTC_ed36d.dir/build.make CMakeFiles/cmTC_ed36d.dir/build
make[4]: 进入目录“/home/dyy/FISCO-TIDY/FISCO-BCOS-2.9.1/deps/src/snappy/CMakeFiles/CMakeTmp”
Building C object CMakeFiles/cmTC_ed36d.dir/CheckFunctionExists.c.o
/usr/bin/cc   -DCHECK_FUNCTION_EXISTS=lzo1x_1_15_compress   -o CMakeFiles/cmTC_ed36d.dir/CheckFunctionExists.c.o   -c /usr/share/cmake-3.16/Modules/CheckFunctionExists.c
Linking C executable cmTC_ed36d
/usr/bin/cmake -E cmake_link_script CMakeFiles/cmTC_ed36d.dir/link.txt --verbose=1
/usr/bin/cc  -DCHECK_FUNCTION_EXISTS=lzo1x_1_15_compress    -rdynamic CMakeFiles/cmTC_ed36d.dir/CheckFunctionExists.c.o  -o cmTC_ed36d  -llzo2 
/usr/bin/ld: 找不到 -llzo2
collect2: error: ld returned 1 exit status
make[4]: *** [CMakeFiles/cmTC_ed36d.dir/build.make:87：cmTC_ed36d] 错误 1
make[4]: 离开目录“/home/dyy/FISCO-TIDY/FISCO-BCOS-2.9.1/deps/src/snappy/CMakeFiles/CMakeTmp”
make[3]: *** [Makefile:121：cmTC_ed36d/fast] 错误 2
make[3]: 离开目录“/home/dyy/FISCO-TIDY/FISCO-BCOS-2.9.1/deps/src/snappy/CMakeFiles/CMakeTmp”



Performing C SOURCE FILE Test CMAKE_HAVE_LIBC_PTHREAD failed with the following output:
Change Dir: /home/dyy/FISCO-TIDY/FISCO-BCOS-2.9.1/deps/src/snappy/CMakeFiles/CMakeTmp

Run Build Command(s):/usr/bin/make cmTC_3c5fb/fast && make[3]: 进入目录“/home/dyy/FISCO-TIDY/FISCO-BCOS-2.9.1/deps/src/snappy/CMakeFiles/CMakeTmp”
/usr/bin/make -f CMakeFiles/cmTC_3c5fb.dir/build.make CMakeFiles/cmTC_3c5fb.dir/build
make[4]: 进入目录“/home/dyy/FISCO-TIDY/FISCO-BCOS-2.9.1/deps/src/snappy/CMakeFiles/CMakeTmp”
Building C object CMakeFiles/cmTC_3c5fb.dir/src.c.o
/usr/bin/cc   -DCMAKE_HAVE_LIBC_PTHREAD   -o CMakeFiles/cmTC_3c5fb.dir/src.c.o   -c /home/dyy/FISCO-TIDY/FISCO-BCOS-2.9.1/deps/src/snappy/CMakeFiles/CMakeTmp/src.c
Linking C executable cmTC_3c5fb
/usr/bin/cmake -E cmake_link_script CMakeFiles/cmTC_3c5fb.dir/link.txt --verbose=1
/usr/bin/cc  -DCMAKE_HAVE_LIBC_PTHREAD    -rdynamic CMakeFiles/cmTC_3c5fb.dir/src.c.o  -o cmTC_3c5fb 
/usr/bin/ld: CMakeFiles/cmTC_3c5fb.dir/src.c.o: in function `main':
src.c:(.text+0x46): undefined reference to `pthread_create'
/usr/bin/ld: src.c:(.text+0x52): undefined reference to `pthread_detach'
/usr/bin/ld: src.c:(.text+0x63): undefined reference to `pthread_join'
collect2: error: ld returned 1 exit status
make[4]: *** [CMakeFiles/cmTC_3c5fb.dir/build.make:87：cmTC_3c5fb] 错误 1
make[4]: 离开目录“/home/dyy/FISCO-TIDY/FISCO-BCOS-2.9.1/deps/src/snappy/CMakeFiles/CMakeTmp”
make[3]: *** [Makefile:121：cmTC_3c5fb/fast] 错误 2
make[3]: 离开目录“/home/dyy/FISCO-TIDY/FISCO-BCOS-2.9.1/deps/src/snappy/CMakeFiles/CMakeTmp”


Source file was:
#include <pthread.h>

void* test_func(void* data)
{
  return data;
}

int main(void)
{
  pthread_t thread;
  pthread_create(&thread, NULL, test_func, NULL);
  pthread_detach(thread);
  pthread_join(thread, NULL);
  pthread_atfork(NULL, NULL, NULL);
  pthread_exit(NULL);

  return 0;
}

Determining if the function pthread_create exists in the pthreads failed with the following output:
Change Dir: /home/dyy/FISCO-TIDY/FISCO-BCOS-2.9.1/deps/src/snappy/CMakeFiles/CMakeTmp

Run Build Command(s):/usr/bin/make cmTC_6611f/fast && make[3]: 进入目录“/home/dyy/FISCO-TIDY/FISCO-BCOS-2.9.1/deps/src/snappy/CMakeFiles/CMakeTmp”
/usr/bin/make -f CMakeFiles/cmTC_6611f.dir/build.make CMakeFiles/cmTC_6611f.dir/build
make[4]: 进入目录“/home/dyy/FISCO-TIDY/FISCO-BCOS-2.9.1/deps/src/snappy/CMakeFiles/CMakeTmp”
Building C object CMakeFiles/cmTC_6611f.dir/CheckFunctionExists.c.o
/usr/bin/cc   -DCHECK_FUNCTION_EXISTS=pthread_create   -o CMakeFiles/cmTC_6611f.dir/CheckFunctionExists.c.o   -c /usr/share/cmake-3.16/Modules/CheckFunctionExists.c
Linking C executable cmTC_6611f
/usr/bin/cmake -E cmake_link_script CMakeFiles/cmTC_6611f.dir/link.txt --verbose=1
/usr/bin/cc  -DCHECK_FUNCTION_EXISTS=pthread_create    -rdynamic CMakeFiles/cmTC_6611f.dir/CheckFunctionExists.c.o  -o cmTC_6611f  -lpthreads 
/usr/bin/ld: 找不到 -lpthreads
collect2: error: ld returned 1 exit status
make[4]: *** [CMakeFiles/cmTC_6611f.dir/build.make:87：cmTC_6611f] 错误 1
make[4]: 离开目录“/home/dyy/FISCO-TIDY/FISCO-BCOS-2.9.1/deps/src/snappy/CMakeFiles/CMakeTmp”
make[3]: *** [Makefile:121：cmTC_6611f/fast] 错误 2
make[3]: 离开目录“/home/dyy/FISCO-TIDY/FISCO-BCOS-2.9.1/deps/src/snappy/CMakeFiles/CMakeTmp”



