Determining if the pthread_create exist failed with the following output:
Change Dir: /home/dyy/FISCO-TIDY/FISCO-BCOS-2.9.1/deps/src/jsonrpccpp-build/CMakeFiles/CMakeTmp

Run Build Command(s):/usr/bin/make cmTC_ee02c/fast && make[3]: 进入目录“/home/dyy/FISCO-TIDY/FISCO-BCOS-2.9.1/deps/src/jsonrpccpp-build/CMakeFiles/CMakeTmp”
/usr/bin/make -f CMakeFiles/cmTC_ee02c.dir/build.make CMakeFiles/cmTC_ee02c.dir/build
make[4]: 进入目录“/home/dyy/FISCO-TIDY/FISCO-BCOS-2.9.1/deps/src/jsonrpccpp-build/CMakeFiles/CMakeTmp”
Building C object CMakeFiles/cmTC_ee02c.dir/CheckSymbolExists.c.o
/usr/bin/cc    -o CMakeFiles/cmTC_ee02c.dir/CheckSymbolExists.c.o   -c /home/dyy/FISCO-TIDY/FISCO-BCOS-2.9.1/deps/src/jsonrpccpp-build/CMakeFiles/CMakeTmp/CheckSymbolExists.c
Linking C executable cmTC_ee02c
/usr/bin/cmake -E cmake_link_script CMakeFiles/cmTC_ee02c.dir/link.txt --verbose=1
/usr/bin/cc      -rdynamic CMakeFiles/cmTC_ee02c.dir/CheckSymbolExists.c.o  -o cmTC_ee02c 
/usr/bin/ld: CMakeFiles/cmTC_ee02c.dir/CheckSymbolExists.c.o: in function `main':
CheckSymbolExists.c:(.text+0x1f): undefined reference to `pthread_create'
collect2: error: ld returned 1 exit status
make[4]: *** [CMakeFiles/cmTC_ee02c.dir/build.make:87：cmTC_ee02c] 错误 1
make[4]: 离开目录“/home/dyy/FISCO-TIDY/FISCO-BCOS-2.9.1/deps/src/jsonrpccpp-build/CMakeFiles/CMakeTmp”
make[3]: *** [Makefile:121：cmTC_ee02c/fast] 错误 2
make[3]: 离开目录“/home/dyy/FISCO-TIDY/FISCO-BCOS-2.9.1/deps/src/jsonrpccpp-build/CMakeFiles/CMakeTmp”


File /home/dyy/FISCO-TIDY/FISCO-BCOS-2.9.1/deps/src/jsonrpccpp-build/CMakeFiles/CMakeTmp/CheckSymbolExists.c:
/* */
#include <pthread.h>

int main(int argc, char** argv)
{
  (void)argv;
#ifndef pthread_create
  return ((int*)(&pthread_create))[argc];
#else
  (void)argc;
  return 0;
#endif
}
Determining if the function pthread_create exists in the pthreads failed with the following output:
Change Dir: /home/dyy/FISCO-TIDY/FISCO-BCOS-2.9.1/deps/src/jsonrpccpp-build/CMakeFiles/CMakeTmp

Run Build Command(s):/usr/bin/make cmTC_32015/fast && make[3]: 进入目录“/home/dyy/FISCO-TIDY/FISCO-BCOS-2.9.1/deps/src/jsonrpccpp-build/CMakeFiles/CMakeTmp”
/usr/bin/make -f CMakeFiles/cmTC_32015.dir/build.make CMakeFiles/cmTC_32015.dir/build
make[4]: 进入目录“/home/dyy/FISCO-TIDY/FISCO-BCOS-2.9.1/deps/src/jsonrpccpp-build/CMakeFiles/CMakeTmp”
Building C object CMakeFiles/cmTC_32015.dir/CheckFunctionExists.c.o
/usr/bin/cc   -DCHECK_FUNCTION_EXISTS=pthread_create   -o CMakeFiles/cmTC_32015.dir/CheckFunctionExists.c.o   -c /usr/share/cmake-3.16/Modules/CheckFunctionExists.c
Linking C executable cmTC_32015
/usr/bin/cmake -E cmake_link_script CMakeFiles/cmTC_32015.dir/link.txt --verbose=1
/usr/bin/cc  -DCHECK_FUNCTION_EXISTS=pthread_create    -rdynamic CMakeFiles/cmTC_32015.dir/CheckFunctionExists.c.o  -o cmTC_32015  -lpthreads 
/usr/bin/ld: 找不到 -lpthreads
collect2: error: ld returned 1 exit status
make[4]: *** [CMakeFiles/cmTC_32015.dir/build.make:87：cmTC_32015] 错误 1
make[4]: 离开目录“/home/dyy/FISCO-TIDY/FISCO-BCOS-2.9.1/deps/src/jsonrpccpp-build/CMakeFiles/CMakeTmp”
make[3]: *** [Makefile:121：cmTC_32015/fast] 错误 2
make[3]: 离开目录“/home/dyy/FISCO-TIDY/FISCO-BCOS-2.9.1/deps/src/jsonrpccpp-build/CMakeFiles/CMakeTmp”



