Performing configuration checks

    - default address-model    : 64-bit
    - default architecture     : x86
    - symlinks supported       : yes
    - zlib                     : yes
    - native-atomic-int32-supported : yes
    - native-syslog-supported  : yes
    - pthread-supports-robust-mutexes : yes
    - compiler-supports-visibility : yes
    - compiler-supports-ssse3  : yes
    - compiler-supports-avx2   : yes
    - has_icu builds           : yes
    - lockfree boost::atomic_flag : yes
    - BOOST_COMP_GNUC >= 4.3.0 : no

Component configuration:

    - atomic                   : not building
    - chrono                   : building
    - container                : not building
    - context                  : not building
    - contract                 : not building
    - coroutine                : not building
    - date_time                : building
    - exception                : not building
    - fiber                    : not building
    - filesystem               : building
    - graph                    : not building
    - graph_parallel           : not building
    - iostreams                : building
    - locale                   : not building
    - log                      : building
    - math                     : not building
    - mpi                      : not building
    - program_options          : building
    - python                   : not building
    - random                   : building
    - regex                    : building
    - serialization            : building
    - signals                  : not building
    - stacktrace               : not building
    - system                   : building
    - test                     : building
    - thread                   : building
    - timer                    : not building
    - type_erasure             : not building
    - wave                     : not building

...patience...
...patience...
...patience...
...patience...
...found 6653 targets...
...updating 295 targets...
gcc.compile.c++ bin.v2/libs/system/build/gcc-9.4.0/release/link-static/threading-multi/error_code.o
gcc.archive bin.v2/libs/system/build/gcc-9.4.0/release/link-static/threading-multi/libboost_system.a
common.copy stage/lib/libboost_system.a
gcc.compile.c++ bin.v2/libs/chrono/build/gcc-9.4.0/release/link-static/threading-multi/chrono.o
gcc.compile.c++ bin.v2/libs/chrono/build/gcc-9.4.0/release/link-static/threading-multi/thread_clock.o
gcc.compile.c++ bin.v2/libs/chrono/build/gcc-9.4.0/release/link-static/threading-multi/process_cpu_clocks.o
gcc.archive bin.v2/libs/chrono/build/gcc-9.4.0/release/link-static/threading-multi/libboost_chrono.a
common.copy stage/lib/libboost_chrono.a
gcc.compile.c++ bin.v2/libs/date_time/build/gcc-9.4.0/release/link-static/threading-multi/gregorian/greg_weekday.o
gcc.compile.c++ bin.v2/libs/date_time/build/gcc-9.4.0/release/link-static/threading-multi/gregorian/date_generators.o
gcc.compile.c++ bin.v2/libs/filesystem/build/gcc-9.4.0/release/link-static/threading-multi/codecvt_error_category.o
gcc.compile.c++ bin.v2/libs/date_time/build/gcc-9.4.0/release/link-static/threading-multi/gregorian/greg_month.o
gcc.archive bin.v2/libs/date_time/build/gcc-9.4.0/release/link-static/threading-multi/libboost_date_time.a
common.copy stage/lib/libboost_date_time.a
gcc.compile.c++ bin.v2/libs/filesystem/build/gcc-9.4.0/release/link-static/threading-multi/path.o
gcc.compile.c++ bin.v2/libs/filesystem/build/gcc-9.4.0/release/link-static/threading-multi/operations.o
libs/filesystem/src/operations.cpp: In function ‘int {anonymous}::readdir_r_simulator(DIR*, dirent*, dirent**)’:
libs/filesystem/src/operations.cpp:2126:18: warning: ‘int readdir_r(DIR*, dirent*, dirent**)’ is deprecated [-Wdeprecated-declarations]
 2126 |       { return ::readdir_r(dirp, entry, result); }
      |                  ^~~~~~~~~
In file included from /usr/include/features.h:461,
                 from /usr/include/x86_64-linux-gnu/c++/9/bits/os_defines.h:39,
                 from /usr/include/x86_64-linux-gnu/c++/9/bits/c++config.h:528,
                 from /usr/include/c++/9/cstddef:49,
                 from ./boost/config/compiler/gcc.hpp:165,
                 from ./boost/config.hpp:40,
                 from ./boost/filesystem/operations.hpp:18,
                 from libs/filesystem/src/operations.cpp:68:
/usr/include/dirent.h:189:12: note: declared here
  189 | extern int __REDIRECT (readdir_r,
      |            ^~~~~~~~~~
libs/filesystem/src/operations.cpp:2126:47: warning: ‘int readdir_r(DIR*, dirent*, dirent**)’ is deprecated [-Wdeprecated-declarations]
 2126 |       { return ::readdir_r(dirp, entry, result); }
      |                                               ^
In file included from /usr/include/features.h:461,
                 from /usr/include/x86_64-linux-gnu/c++/9/bits/os_defines.h:39,
                 from /usr/include/x86_64-linux-gnu/c++/9/bits/c++config.h:528,
                 from /usr/include/c++/9/cstddef:49,
                 from ./boost/config/compiler/gcc.hpp:165,
                 from ./boost/config.hpp:40,
                 from ./boost/filesystem/operations.hpp:18,
                 from libs/filesystem/src/operations.cpp:68:
/usr/include/dirent.h:189:12: note: declared here
  189 | extern int __REDIRECT (readdir_r,
      |            ^~~~~~~~~~
libs/filesystem/src/operations.cpp:2126:47: warning: ‘int readdir_r(DIR*, dirent*, dirent**)’ is deprecated [-Wdeprecated-declarations]
 2126 |       { return ::readdir_r(dirp, entry, result); }
      |                                               ^
In file included from /usr/include/features.h:461,
                 from /usr/include/x86_64-linux-gnu/c++/9/bits/os_defines.h:39,
                 from /usr/include/x86_64-linux-gnu/c++/9/bits/c++config.h:528,
                 from /usr/include/c++/9/cstddef:49,
                 from ./boost/config/compiler/gcc.hpp:165,
                 from ./boost/config.hpp:40,
                 from ./boost/filesystem/operations.hpp:18,
                 from libs/filesystem/src/operations.cpp:68:
/usr/include/dirent.h:189:12: note: declared here
  189 | extern int __REDIRECT (readdir_r,
      |            ^~~~~~~~~~
gcc.compile.c++ bin.v2/libs/filesystem/build/gcc-9.4.0/release/link-static/threading-multi/path_traits.o
gcc.compile.c++ bin.v2/libs/filesystem/build/gcc-9.4.0/release/link-static/threading-multi/portability.o
gcc.compile.c++ bin.v2/libs/filesystem/build/gcc-9.4.0/release/link-static/threading-multi/utf8_codecvt_facet.o
gcc.compile.c++ bin.v2/libs/filesystem/build/gcc-9.4.0/release/link-static/threading-multi/windows_file_codecvt.o
gcc.compile.c++ bin.v2/libs/filesystem/build/gcc-9.4.0/release/link-static/threading-multi/unique_path.o
gcc.archive bin.v2/libs/filesystem/build/gcc-9.4.0/release/link-static/threading-multi/libboost_filesystem.a
common.copy stage/lib/libboost_filesystem.a
gcc.compile.c++ bin.v2/libs/iostreams/build/gcc-9.4.0/release/link-static/threading-multi/file_descriptor.o
gcc.compile.c++ bin.v2/libs/iostreams/build/gcc-9.4.0/release/link-static/threading-multi/mapped_file.o
gcc.compile.c++ bin.v2/libs/iostreams/build/gcc-9.4.0/release/link-static/threading-multi/gzip.o
gcc.compile.c++ bin.v2/libs/atomic/build/gcc-9.4.0/release/link-static/threading-multi/lockpool.o
gcc.archive bin.v2/libs/atomic/build/gcc-9.4.0/release/link-static/threading-multi/libboost_atomic.a
common.copy stage/lib/libboost_atomic.a
gcc.compile.c++ bin.v2/libs/iostreams/build/gcc-9.4.0/release/link-static/threading-multi/zlib.o
gcc.archive bin.v2/libs/iostreams/build/gcc-9.4.0/release/link-static/threading-multi/libboost_iostreams.a
common.copy stage/lib/libboost_iostreams.a
gcc.compile.c++ bin.v2/libs/regex/build/gcc-9.4.0/release/link-static/threading-multi/c_regex_traits.o
gcc.compile.c++ bin.v2/libs/regex/build/gcc-9.4.0/release/link-static/threading-multi/cpp_regex_traits.o
gcc.compile.c++ bin.v2/libs/regex/build/gcc-9.4.0/release/link-static/threading-multi/fileiter.o
gcc.compile.c++ bin.v2/libs/regex/build/gcc-9.4.0/release/link-static/threading-multi/cregex.o
gcc.compile.c++ bin.v2/libs/regex/build/gcc-9.4.0/release/link-static/threading-multi/icu.o
gcc.compile.c++ bin.v2/libs/regex/build/gcc-9.4.0/release/link-static/threading-multi/posix_api.o
gcc.compile.c++ bin.v2/libs/regex/build/gcc-9.4.0/release/link-static/threading-multi/instances.o
gcc.compile.c++ bin.v2/libs/regex/build/gcc-9.4.0/release/link-static/threading-multi/regex_debug.o
gcc.compile.c++ bin.v2/libs/regex/build/gcc-9.4.0/release/link-static/threading-multi/regex_raw_buffer.o
gcc.compile.c++ bin.v2/libs/regex/build/gcc-9.4.0/release/link-static/threading-multi/regex.o
gcc.compile.c++ bin.v2/libs/regex/build/gcc-9.4.0/release/link-static/threading-multi/static_mutex.o
gcc.compile.c++ bin.v2/libs/regex/build/gcc-9.4.0/release/link-static/threading-multi/w32_regex_traits.o
gcc.compile.c++ bin.v2/libs/regex/build/gcc-9.4.0/release/link-static/threading-multi/regex_traits_defaults.o
gcc.compile.c++ bin.v2/libs/regex/build/gcc-9.4.0/release/link-static/threading-multi/wc_regex_traits.o
gcc.compile.c++ bin.v2/libs/regex/build/gcc-9.4.0/release/link-static/threading-multi/wide_posix_api.o
gcc.compile.c++ bin.v2/libs/regex/build/gcc-9.4.0/release/link-static/threading-multi/usinstances.o
...on 100th target...
gcc.compile.c++ bin.v2/libs/regex/build/gcc-9.4.0/release/link-static/threading-multi/winstances.o
gcc.archive bin.v2/libs/regex/build/gcc-9.4.0/release/link-static/threading-multi/libboost_regex.a
common.copy stage/lib/libboost_regex.a
gcc.compile.c++ bin.v2/libs/thread/build/gcc-9.4.0/release/link-static/threadapi-pthread/threading-multi/pthread/once.o
gcc.compile.c++ bin.v2/libs/thread/build/gcc-9.4.0/release/link-static/threadapi-pthread/threading-multi/future.o
gcc.compile.c++ bin.v2/libs/log/build/gcc-9.4.0/release/link-static/threadapi-pthread/threading-multi/attribute_name.o
gcc.compile.c++ bin.v2/libs/thread/build/gcc-9.4.0/release/link-static/threadapi-pthread/threading-multi/pthread/thread.o
gcc.archive bin.v2/libs/thread/build/gcc-9.4.0/release/link-static/threadapi-pthread/threading-multi/libboost_thread.a
common.copy stage/lib/libboost_thread.a
gcc.compile.c++ bin.v2/libs/log/build/gcc-9.4.0/release/link-static/threadapi-pthread/threading-multi/attribute_set.o
gcc.compile.c++ bin.v2/libs/log/build/gcc-9.4.0/release/link-static/threadapi-pthread/threading-multi/attribute_value_set.o
gcc.compile.c++ bin.v2/libs/log/build/gcc-9.4.0/release/link-static/threadapi-pthread/threading-multi/code_conversion.o
gcc.compile.c++ bin.v2/libs/log/build/gcc-9.4.0/release/link-static/threadapi-pthread/threading-multi/record_ostream.o
gcc.compile.c++ bin.v2/libs/log/build/gcc-9.4.0/release/link-static/threadapi-pthread/threading-multi/core.o
gcc.compile.c++ bin.v2/libs/log/build/gcc-9.4.0/release/link-static/threadapi-pthread/threading-multi/severity_level.o
gcc.compile.c++ bin.v2/libs/log/build/gcc-9.4.0/release/link-static/threadapi-pthread/threading-multi/global_logger_storage.o
gcc.compile.c++ bin.v2/libs/log/build/gcc-9.4.0/release/link-static/threadapi-pthread/threading-multi/named_scope.o
gcc.compile.c++ bin.v2/libs/log/build/gcc-9.4.0/release/link-static/threadapi-pthread/threading-multi/process_id.o
gcc.compile.c++ bin.v2/libs/log/build/gcc-9.4.0/release/link-static/threadapi-pthread/threading-multi/thread_id.o
gcc.compile.c++ bin.v2/libs/log/build/gcc-9.4.0/release/link-static/threadapi-pthread/threading-multi/process_name.o
gcc.compile.c++ bin.v2/libs/log/build/gcc-9.4.0/release/link-static/threadapi-pthread/threading-multi/timer.o
gcc.compile.c++ bin.v2/libs/log/build/gcc-9.4.0/release/link-static/threadapi-pthread/threading-multi/default_attribute_names.o
gcc.compile.c++ bin.v2/libs/log/build/gcc-9.4.0/release/link-static/threadapi-pthread/threading-multi/exceptions.o
gcc.compile.c++ bin.v2/libs/log/build/gcc-9.4.0/release/link-static/threadapi-pthread/threading-multi/text_ostream_backend.o
gcc.compile.c++ bin.v2/libs/log/build/gcc-9.4.0/release/link-static/threadapi-pthread/threading-multi/default_sink.o
gcc.compile.c++ bin.v2/libs/log/build/gcc-9.4.0/release/link-static/threadapi-pthread/threading-multi/text_multifile_backend.o
gcc.compile.c++ bin.v2/libs/log/build/gcc-9.4.0/release/link-static/threadapi-pthread/threading-multi/thread_specific.o
gcc.compile.c++ bin.v2/libs/log/build/gcc-9.4.0/release/link-static/threadapi-pthread/threading-multi/once_block.o
gcc.compile.c++ bin.v2/libs/log/build/gcc-9.4.0/release/link-static/threadapi-pthread/threading-multi/timestamp.o
gcc.compile.c++ bin.v2/libs/log/build/gcc-9.4.0/release/link-static/threadapi-pthread/threading-multi/threadsafe_queue.o
gcc.compile.c++ bin.v2/libs/log/build/gcc-9.4.0/release/link-static/threadapi-pthread/threading-multi/event.o
gcc.compile.c++ bin.v2/libs/log/build/gcc-9.4.0/release/link-static/threadapi-pthread/threading-multi/trivial.o
gcc.compile.c++ bin.v2/libs/log/build/gcc-9.4.0/release/link-static/threadapi-pthread/threading-multi/text_file_backend.o
gcc.compile.c++ bin.v2/libs/log/build/gcc-9.4.0/release/link-static/threadapi-pthread/threading-multi/spirit_encoding.o
gcc.compile.c++ bin.v2/libs/log/build/gcc-9.4.0/release/link-static/threadapi-pthread/threading-multi/format_parser.o
gcc.compile.c++ bin.v2/libs/log/build/gcc-9.4.0/release/link-static/threadapi-pthread/threading-multi/date_time_format_parser.o
gcc.compile.c++ bin.v2/libs/log/build/gcc-9.4.0/release/link-static/threadapi-pthread/threading-multi/unhandled_exception_count.o
gcc.compile.c++ bin.v2/libs/log/build/gcc-9.4.0/release/link-static/threadapi-pthread/threading-multi/permissions.o
gcc.compile.c++ bin.v2/libs/log/build/gcc-9.4.0/release/link-static/threadapi-pthread/threading-multi/dump.o
gcc.compile.c++ bin.v2/libs/log/build/gcc-9.4.0/release/link-static/threadapi-pthread/threading-multi/dump_avx2.o
gcc.compile.c++ bin.v2/libs/log/build/gcc-9.4.0/release/link-static/threadapi-pthread/threading-multi/dump_ssse3.o
gcc.compile.c++ bin.v2/libs/log/build/gcc-9.4.0/release/link-static/threadapi-pthread/threading-multi/named_scope_format_parser.o
gcc.compile.c++ bin.v2/libs/log/build/gcc-9.4.0/release/link-static/threadapi-pthread/threading-multi/posix/ipc_reliable_message_queue.o
gcc.compile.c++ bin.v2/libs/log/build/gcc-9.4.0/release/link-static/threadapi-pthread/threading-multi/syslog_backend.o
gcc.compile.c++ bin.v2/libs/log/build/gcc-9.4.0/release/link-static/threadapi-pthread/threading-multi/posix/object_name.o
gcc.archive bin.v2/libs/log/build/gcc-9.4.0/release/link-static/threadapi-pthread/threading-multi/libboost_log.a
common.copy stage/lib/libboost_log.a
gcc.compile.c++ bin.v2/libs/log/build/gcc-9.4.0/release/link-static/threadapi-pthread/threading-multi/setup/parser_utils.o
gcc.compile.c++ bin.v2/libs/log/build/gcc-9.4.0/release/link-static/threadapi-pthread/threading-multi/setup/init_from_stream.o
gcc.compile.c++ bin.v2/libs/log/build/gcc-9.4.0/release/link-static/threadapi-pthread/threading-multi/setup/settings_parser.o
gcc.compile.c++ bin.v2/libs/log/build/gcc-9.4.0/release/link-static/threadapi-pthread/threading-multi/setup/filter_parser.o
gcc.compile.c++ bin.v2/libs/log/build/gcc-9.4.0/release/link-static/threadapi-pthread/threading-multi/setup/init_from_settings.o
gcc.compile.c++ bin.v2/libs/log/build/gcc-9.4.0/release/link-static/threadapi-pthread/threading-multi/setup/formatter_parser.o
gcc.compile.c++ bin.v2/libs/log/build/gcc-9.4.0/release/link-static/threadapi-pthread/threading-multi/setup/default_filter_factory.o
gcc.compile.c++ bin.v2/libs/log/build/gcc-9.4.0/release/link-static/threadapi-pthread/threading-multi/setup/matches_relation_factory.o
gcc.compile.c++ bin.v2/libs/log/build/gcc-9.4.0/release/link-static/threadapi-pthread/threading-multi/setup/default_formatter_factory.o
gcc.archive bin.v2/libs/log/build/gcc-9.4.0/release/link-static/threadapi-pthread/threading-multi/libboost_log_setup.a
common.copy stage/lib/libboost_log_setup.a
gcc.compile.c++ bin.v2/libs/program_options/build/gcc-9.4.0/release/link-static/threading-multi/cmdline.o
gcc.compile.c++ bin.v2/libs/program_options/build/gcc-9.4.0/release/link-static/threading-multi/config_file.o
gcc.compile.c++ bin.v2/libs/program_options/build/gcc-9.4.0/release/link-static/threading-multi/options_description.o
gcc.compile.c++ bin.v2/libs/program_options/build/gcc-9.4.0/release/link-static/threading-multi/parsers.o
gcc.compile.c++ bin.v2/libs/program_options/build/gcc-9.4.0/release/link-static/threading-multi/variables_map.o
gcc.compile.c++ bin.v2/libs/program_options/build/gcc-9.4.0/release/link-static/threading-multi/positional_options.o
gcc.compile.c++ bin.v2/libs/program_options/build/gcc-9.4.0/release/link-static/threading-multi/utf8_codecvt_facet.o
gcc.compile.c++ bin.v2/libs/program_options/build/gcc-9.4.0/release/link-static/threading-multi/convert.o
gcc.compile.c++ bin.v2/libs/program_options/build/gcc-9.4.0/release/link-static/threading-multi/value_semantic.o
gcc.compile.c++ bin.v2/libs/program_options/build/gcc-9.4.0/release/link-static/threading-multi/winmain.o
gcc.compile.c++ bin.v2/libs/random/build/gcc-9.4.0/release/link-static/threading-multi/random_device.o
gcc.archive bin.v2/libs/random/build/gcc-9.4.0/release/link-static/threading-multi/libboost_random.a
common.copy stage/lib/libboost_random.a
...on 200th target...
gcc.compile.c++ bin.v2/libs/serialization/build/gcc-9.4.0/release/link-static/threading-multi/basic_archive.o
gcc.compile.c++ bin.v2/libs/serialization/build/gcc-9.4.0/release/link-static/threading-multi/basic_iarchive.o
gcc.compile.c++ bin.v2/libs/serialization/build/gcc-9.4.0/release/link-static/threading-multi/basic_iserializer.o
gcc.compile.c++ bin.v2/libs/program_options/build/gcc-9.4.0/release/link-static/threading-multi/split.o
gcc.archive bin.v2/libs/program_options/build/gcc-9.4.0/release/link-static/threading-multi/libboost_program_options.a
common.copy stage/lib/libboost_program_options.a
gcc.compile.c++ bin.v2/libs/serialization/build/gcc-9.4.0/release/link-static/threading-multi/basic_oserializer.o
gcc.compile.c++ bin.v2/libs/serialization/build/gcc-9.4.0/release/link-static/threading-multi/basic_pointer_iserializer.o
gcc.compile.c++ bin.v2/libs/serialization/build/gcc-9.4.0/release/link-static/threading-multi/basic_pointer_oserializer.o
gcc.compile.c++ bin.v2/libs/serialization/build/gcc-9.4.0/release/link-static/threading-multi/basic_serializer_map.o
gcc.compile.c++ bin.v2/libs/serialization/build/gcc-9.4.0/release/link-static/threading-multi/basic_oarchive.o
gcc.compile.c++ bin.v2/libs/serialization/build/gcc-9.4.0/release/link-static/threading-multi/basic_text_iprimitive.o
gcc.compile.c++ bin.v2/libs/serialization/build/gcc-9.4.0/release/link-static/threading-multi/basic_text_oprimitive.o
gcc.compile.c++ bin.v2/libs/serialization/build/gcc-9.4.0/release/link-static/threading-multi/basic_xml_archive.o
gcc.compile.c++ bin.v2/libs/serialization/build/gcc-9.4.0/release/link-static/threading-multi/binary_iarchive.o
gcc.compile.c++ bin.v2/libs/serialization/build/gcc-9.4.0/release/link-static/threading-multi/binary_oarchive.o
gcc.compile.c++ bin.v2/libs/serialization/build/gcc-9.4.0/release/link-static/threading-multi/extended_type_info.o
gcc.compile.c++ bin.v2/libs/serialization/build/gcc-9.4.0/release/link-static/threading-multi/extended_type_info_no_rtti.o
gcc.compile.c++ bin.v2/libs/serialization/build/gcc-9.4.0/release/link-static/threading-multi/extended_type_info_typeid.o
gcc.compile.c++ bin.v2/libs/serialization/build/gcc-9.4.0/release/link-static/threading-multi/polymorphic_iarchive.o
gcc.compile.c++ bin.v2/libs/serialization/build/gcc-9.4.0/release/link-static/threading-multi/stl_port.o
gcc.compile.c++ bin.v2/libs/serialization/build/gcc-9.4.0/release/link-static/threading-multi/polymorphic_oarchive.o
gcc.compile.c++ bin.v2/libs/serialization/build/gcc-9.4.0/release/link-static/threading-multi/text_iarchive.o
gcc.compile.c++ bin.v2/libs/serialization/build/gcc-9.4.0/release/link-static/threading-multi/text_oarchive.o
gcc.compile.c++ bin.v2/libs/serialization/build/gcc-9.4.0/release/link-static/threading-multi/archive_exception.o
gcc.compile.c++ bin.v2/libs/serialization/build/gcc-9.4.0/release/link-static/threading-multi/void_cast.o
gcc.compile.c++ bin.v2/libs/serialization/build/gcc-9.4.0/release/link-static/threading-multi/xml_iarchive.o
gcc.compile.c++ bin.v2/libs/serialization/build/gcc-9.4.0/release/link-static/threading-multi/xml_oarchive.o
gcc.compile.c++ bin.v2/libs/serialization/build/gcc-9.4.0/release/link-static/threading-multi/xml_archive_exception.o
gcc.compile.c++ bin.v2/libs/serialization/build/gcc-9.4.0/release/link-static/threading-multi/codecvt_null.o
gcc.compile.c++ bin.v2/libs/serialization/build/gcc-9.4.0/release/link-static/threading-multi/utf8_codecvt_facet.o
gcc.compile.c++ bin.v2/libs/serialization/build/gcc-9.4.0/release/link-static/threading-multi/xml_grammar.o
gcc.archive bin.v2/libs/serialization/build/gcc-9.4.0/release/link-static/threading-multi/libboost_serialization.a
common.copy stage/lib/libboost_serialization.a
gcc.compile.c++ bin.v2/libs/serialization/build/gcc-9.4.0/release/link-static/threading-multi/basic_text_wiprimitive.o
gcc.compile.c++ bin.v2/libs/serialization/build/gcc-9.4.0/release/link-static/threading-multi/basic_text_woprimitive.o
gcc.compile.c++ bin.v2/libs/serialization/build/gcc-9.4.0/release/link-static/threading-multi/text_wiarchive.o
gcc.compile.c++ bin.v2/libs/serialization/build/gcc-9.4.0/release/link-static/threading-multi/text_woarchive.o
gcc.compile.c++ bin.v2/libs/serialization/build/gcc-9.4.0/release/link-static/threading-multi/xml_wiarchive.o
gcc.compile.c++ bin.v2/libs/serialization/build/gcc-9.4.0/release/link-static/threading-multi/xml_woarchive.o
In file included from ./boost/archive/impl/xml_woarchive_impl.ipp:41,
                 from libs/serialization/src/xml_woarchive.cpp:28:
./boost/archive/iterators/wchar_from_mb.hpp: In instantiation of ‘void boost::archive::iterators::wchar_from_mb<Base>::drain() [with Base = boost::archive::iterators::xml_escape<const char*>]’:
./boost/archive/iterators/wchar_from_mb.hpp:133:9:   required from ‘boost::archive::iterators::wchar_from_mb<Base>::wchar_from_mb(T) [with T = const char*; Base = boost::archive::iterators::xml_escape<const char*>]’
./boost/archive/impl/xml_woarchive_impl.ipp:58:9:   required from ‘void boost::archive::save_iterator(std::wostream&, InputIterator, InputIterator) [with InputIterator = const char*; std::wostream = std::basic_ostream<wchar_t>]’
./boost/archive/impl/xml_woarchive_impl.ipp:99:17:   required from ‘void boost::archive::xml_woarchive_impl<Archive>::save(const char*) [with Archive = boost::archive::xml_woarchive]’
libs/serialization/src/xml_woarchive.cpp:35:16:   required from here
./boost/archive/iterators/wchar_from_mb.hpp:168:31: warning: unused variable ‘r’ [-Wunused-variable]
  168 |     std::codecvt_base::result r = m_codecvt_facet.in(
      |                               ^
gcc.compile.c++ bin.v2/libs/timer/build/gcc-9.4.0/release/link-static/threading-multi/auto_timers_construction.o
gcc.compile.c++ bin.v2/libs/serialization/build/gcc-9.4.0/release/link-static/threading-multi/xml_wgrammar.o
gcc.archive bin.v2/libs/serialization/build/gcc-9.4.0/release/link-static/threading-multi/libboost_wserialization.a
common.copy stage/lib/libboost_wserialization.a
gcc.compile.c++ bin.v2/libs/timer/build/gcc-9.4.0/release/link-static/threading-multi/cpu_timer.o
gcc.archive bin.v2/libs/timer/build/gcc-9.4.0/release/link-static/threading-multi/libboost_timer.a
common.copy stage/lib/libboost_timer.a
gcc.compile.c++ bin.v2/libs/test/build/gcc-9.4.0/release/link-static/threading-multi/execution_monitor.o
gcc.compile.c++ bin.v2/libs/test/build/gcc-9.4.0/release/link-static/threading-multi/debug.o
gcc.compile.c++ bin.v2/libs/test/build/gcc-9.4.0/release/link-static/threading-multi/cpp_main.o
gcc.archive bin.v2/libs/test/build/gcc-9.4.0/release/link-static/threading-multi/libboost_prg_exec_monitor.a
common.copy stage/lib/libboost_prg_exec_monitor.a
gcc.compile.c++ bin.v2/libs/test/build/gcc-9.4.0/release/link-static/threading-multi/compiler_log_formatter.o
gcc.compile.c++ bin.v2/libs/test/build/gcc-9.4.0/release/link-static/threading-multi/decorator.o
gcc.compile.c++ bin.v2/libs/test/build/gcc-9.4.0/release/link-static/threading-multi/plain_report_formatter.o
gcc.compile.c++ bin.v2/libs/test/build/gcc-9.4.0/release/link-static/threading-multi/progress_monitor.o
gcc.compile.c++ bin.v2/libs/test/build/gcc-9.4.0/release/link-static/threading-multi/results_collector.o
gcc.compile.c++ bin.v2/libs/test/build/gcc-9.4.0/release/link-static/threading-multi/framework.o
gcc.compile.c++ bin.v2/libs/test/build/gcc-9.4.0/release/link-static/threading-multi/test_framework_init_observer.o
gcc.compile.c++ bin.v2/libs/test/build/gcc-9.4.0/release/link-static/threading-multi/results_reporter.o
gcc.compile.c++ bin.v2/libs/test/build/gcc-9.4.0/release/link-static/threading-multi/test_main.o
gcc.compile.c++ bin.v2/libs/test/build/gcc-9.4.0/release/link-static/threading-multi/test_tools.o
gcc.compile.c++ bin.v2/libs/test/build/gcc-9.4.0/release/link-static/threading-multi/test_tree.o
gcc.compile.c++ bin.v2/libs/test/build/gcc-9.4.0/release/link-static/threading-multi/unit_test_log.o
gcc.compile.c++ bin.v2/libs/test/build/gcc-9.4.0/release/link-static/threading-multi/unit_test_main.o
gcc.compile.c++ bin.v2/libs/test/build/gcc-9.4.0/release/link-static/threading-multi/unit_test_monitor.o
gcc.compile.c++ bin.v2/libs/test/build/gcc-9.4.0/release/link-static/threading-multi/junit_log_formatter.o
gcc.compile.c++ bin.v2/libs/test/build/gcc-9.4.0/release/link-static/threading-multi/xml_log_formatter.o
gcc.compile.c++ bin.v2/libs/test/build/gcc-9.4.0/release/link-static/threading-multi/xml_report_formatter.o
link.mklink boost/chrono/stopwatches.hpp
mklink-or-dir boost/chrono/stopwatches
gcc.compile.c++ bin.v2/libs/test/build/gcc-9.4.0/release/link-static/threading-multi/unit_test_parameters.o
gcc.archive bin.v2/libs/test/build/gcc-9.4.0/release/link-static/threading-multi/libboost_test_exec_monitor.a
gcc.archive bin.v2/libs/test/build/gcc-9.4.0/release/link-static/threading-multi/libboost_unit_test_framework.a
common.copy stage/lib/libboost_test_exec_monitor.a
common.copy stage/lib/libboost_unit_test_framework.a
...updated 295 targets...
